<?xml version="1.0" encoding="UTF-8"?>
<!-- Generated by org.testng.reporters.JUnitXMLReporter -->
<testsuite ignored="0" hostname="DESKTOP-A7D4RAN" failures="0" tests="46" name="BookTest" time="35.135" errors="0" timestamp="2025-08-06T10:13:38 IST">
  <testcase classname="api.test.UserTests" name="testPostUser" time="5.23"/>
  <testcase classname="api.test.UserTests" name="testGetUser" time="0.598"/>
  <testcase classname="api.test.UserTests" name="testUpdateUser" time="0.524"/>
  <testcase classname="api.test.UserTests" name="testDeleteUser" time="0.494"/>
  <testcase classname="api.test.UserTests2" name="testPostUser" time="0.525"/>
  <testcase classname="api.test.UserTests2" name="testGetUser" time="0.513"/>
  <testcase classname="api.test.UserTests2" name="testUpdateUser" time="0.502"/>
  <testcase classname="api.test.UserTests2" name="testDeleteUser" time="0.492"/>
  <testcase classname="api.test.BookTests" name="testPostBook" time="0.547"/>
  <testcase classname="api.test.BookTests" name="testGetBook" time="0.501"/>
  <testcase classname="api.test.BookTests" name="testUpdateBook" time="0.521"/>
  <testcase classname="api.test.BookTests" name="testDeleteBook" time="0.501"/>
  <testcase classname="api.test.BookTests2" name="testPostBook" time="0.512"/>
  <testcase classname="api.test.BookTests2" name="testGetBook" time="0.775"/>
  <testcase classname="api.test.BookTests2" name="testUpdateBook" time="0.5"/>
  <testcase classname="api.test.BookTests2" name="testDeleteBook" time="0.481"/>
  <testcase classname="api.test.AuthorTests" name="testPostAuthor" time="0.52"/>
  <testcase classname="api.test.AuthorTests" name="testGetAuthor" time="0.487"/>
  <testcase classname="api.test.AuthorTests" name="testUpdateAuthor" time="0.512"/>
  <testcase classname="api.test.AuthorTests" name="testDeleteAuthor" time="0.478"/>
  <testcase classname="api.test.AuthorTests2" name="testPostAuthor" time="0.478"/>
  <testcase classname="api.test.AuthorTests2" name="testGetAuthor" time="0.489"/>
  <testcase classname="api.test.AuthorTests2" name="testUpdateAuthor" time="0.486"/>
  <testcase classname="api.test.AuthorTests2" name="testDeleteAuthor" time="0.479"/>
  <testcase classname="api.test.DDTestsAuthor" name="testAuthorFlow" time="1.955"/>
  <testcase classname="api.test.DDTestsAuthor" name="testAuthorFlow" time="1.919"/>
  <testcase classname="api.test.CoverPhotoTests" name="testPostCoverPhoto" time="0.49"/>
  <testcase classname="api.test.CoverPhotoTests" name="testGetCoverPhoto" time="0.471"/>
  <testcase classname="api.test.CoverPhotoTests" name="testUpdateCoverPhoto" time="0.503"/>
  <testcase classname="api.test.CoverPhotoTests" name="testDeleteCoverPhoto" time="0.577"/>
  <testcase classname="api.test.CoverPhotoTests2" name="testPostCoverPhoto" time="0.534"/>
  <testcase classname="api.test.CoverPhotoTests2" name="testGetCoverPhoto" time="0.473"/>
  <testcase classname="api.test.CoverPhotoTests2" name="testUpdateCoverPhoto" time="0.478"/>
  <testcase classname="api.test.CoverPhotoTests2" name="testDeleteCoverPhoto" time="0.469"/>
  <testcase classname="api.test.DDTestsCoverPhoto" name="testCreateCoverPhoto" time="0.484"/>
  <testcase classname="api.test.DDTestsCoverPhoto" name="testCreateCoverPhoto" time="0.476"/>
  <testcase classname="api.test.DDTestsCoverPhoto" name="testCreateCoverPhoto" time="0.478"/>
  <testcase classname="api.test.DDTestsCoverPhoto" name="testGetCoverPhotoById" time="0.497"/>
  <testcase classname="api.test.DDTestsCoverPhoto" name="testGetCoverPhotoById" time="0.474"/>
  <testcase classname="api.test.DDTestsCoverPhoto" name="testGetCoverPhotoById" time="0.486"/>
  <testcase classname="api.test.DDTestsCoverPhoto" name="testUpdateCoverPhoto" time="0.491"/>
  <testcase classname="api.test.DDTestsCoverPhoto" name="testUpdateCoverPhoto" time="0.48"/>
  <testcase classname="api.test.DDTestsCoverPhoto" name="testUpdateCoverPhoto" time="0.492"/>
  <testcase classname="api.test.DDTestsCoverPhoto" name="testDeleteCoverPhotoById" time="0.495"/>
  <testcase classname="api.test.DDTestsCoverPhoto" name="testDeleteCoverPhotoById" time="0.492"/>
  <testcase classname="api.test.DDTestsCoverPhoto" name="testDeleteCoverPhotoById" time="0.468"/>
</testsuite> <!-- BookTest -->
