<?xml version="1.0" encoding="UTF-8"?>
<!-- Generated by org.testng.reporters.JUnitXMLReporter -->
<testsuite ignored="0" hostname="DESKTOP-A7D4RAN" failures="0" tests="4" name="BookTest" time="9.227" errors="0" timestamp="2025-07-30T10:30:43 IST">
  <testcase classname="api.test.UserTests" name="testPostUser" time="5.132"/>
  <testcase classname="api.test.UserTests" name="testGetUser" time="0.636"/>
  <testcase classname="api.test.UserTests" name="testUpdateUser" time="0.586"/>
  <testcase classname="api.test.UserTests" name="testDeleteUser" time="0.586"/>
</testsuite> <!-- BookTest -->
