<?xml version="1.0" encoding="UTF-8"?>
<testsuite xmlns:xsi="http://www.w3.org/2001/XMLSchema-instance" xsi:noNamespaceSchemaLocation="https://maven.apache.org/surefire/maven-surefire-plugin/xsd/surefire-test-report.xsd" version="3.0.2" name="TestSuite" time="20.224" tests="20" errors="0" skipped="0" failures="0">
  <properties>
[...]
</properties>
  <testcase name="testPostCoverPhoto" classname="api.test.CoverPhotoTests" time="5.03">
    <system-out><![CDATA[19:54:05 INFO  *******creating CoverPhoto***********
HTTP/1.1 200 OK
Content-Type: application/json; charset=utf-8; v=1.0
Date: Tue, 05 Aug 2025 14:24:09 GMT
Server: Kestrel
Transfer-Encoding: chunked
api-supported-versions: 1.0

{
    "id": 3,
    "idBook": 1,
    "url": "http://lorempixel.com/1920/1200/transport/"
}
19:54:10 INFO  **********CoverPhoto created**********
]]></system-out>
    <system-err><![CDATA[SLF4J(W): No SLF4J providers were found.
SLF4J(W): Defaulting to no-operation (NOP) logger implementation
SLF4J(W): See https://www.slf4j.org/codes.html#noProviders for further details.
]]></system-err>
  </testcase>
  <testcase name="testGetCoverPhoto" classname="api.test.CoverPhotoTests" time="0.582">
    <system-out><![CDATA[19:54:10 INFO  **********reading CoverPhoto***********
HTTP/1.1 200 OK
Content-Type: application/json; charset=utf-8; v=1.0
Date: Tue, 05 Aug 2025 14:24:09 GMT
Server: Kestrel
Transfer-Encoding: chunked
api-supported-versions: 1.0

{
    "id": 1,
    "idBook": 1,
    "url": "https://placeholdit.imgix.net/~text?txtsize=33&txt=Book 1&w=250&h=350"
}
19:54:11 INFO  ********CoverPhoto is displayed***********
]]></system-out>
  </testcase>
  <testcase name="testUpdateCoverPhoto" classname="api.test.CoverPhotoTests" time="0.55">
    <system-out><![CDATA[19:54:11 INFO  *********updating CoverPhoto**********
HTTP/1.1 200 OK
Content-Type: application/json; charset=utf-8; v=1.0
Date: Tue, 05 Aug 2025 14:24:10 GMT
Server: Kestrel
Transfer-Encoding: chunked
api-supported-versions: 1.0

{
    "id": 3,
    "idBook": 1,
    "url": "Updated_http://lorempixel.com/1366/768/cats/"
}
19:54:11 INFO  *********CoverPhoto updated***********
]]></system-out>
  </testcase>
  <testcase name="testDeleteCoverPhoto" classname="api.test.CoverPhotoTests" time="0.491">
    <system-out><![CDATA[19:54:11 INFO  ***********deleting CoverPhoto***********
HTTP/1.1 200 OK
Content-Length: 0
Date: Tue, 05 Aug 2025 14:24:10 GMT
Server: Kestrel
api-supported-versions: 1.0
19:54:12 INFO  **********CoverPhoto deleted*************
]]></system-out>
  </testcase>
  <testcase name="testPostCoverPhoto" classname="api.test.CoverPhotoTests2" time="0.541">
    <system-out><![CDATA[19:54:12 INFO  *******creating/Updating CoverPhoto (using PUT) ***********
HTTP/1.1 200 OK
Content-Type: application/json; charset=utf-8; v=1.0
Date: Tue, 05 Aug 2025 14:24:11 GMT
Server: Kestrel
Transfer-Encoding: chunked
api-supported-versions: 1.0

{
    "id": 3,
    "idBook": 1,
    "url": "http://lorempixel.com/640/200/city/"
}
19:54:12 INFO  **********CoverPhoto created/updated**********
]]></system-out>
  </testcase>
  <testcase name="testGetCoverPhoto" classname="api.test.CoverPhotoTests2" time="0.547">
    <system-out><![CDATA[19:54:12 INFO  **********reading CoverPhoto***********
HTTP/1.1 200 OK
Content-Type: application/json; charset=utf-8; v=1.0
Date: Tue, 05 Aug 2025 14:24:12 GMT
Server: Kestrel
Transfer-Encoding: chunked
api-supported-versions: 1.0

{
    "id": 1,
    "idBook": 1,
    "url": "https://placeholdit.imgix.net/~text?txtsize=33&txt=Book 1&w=250&h=350"
}
19:54:13 INFO  ********CoverPhoto is displayed***********
]]></system-out>
  </testcase>
  <testcase name="testUpdateCoverPhoto" classname="api.test.CoverPhotoTests2" time="0.51">
    <system-out><![CDATA[19:54:13 INFO  *********updating CoverPhoto**********
HTTP/1.1 200 OK
Content-Type: application/json; charset=utf-8; v=1.0
Date: Tue, 05 Aug 2025 14:24:12 GMT
Server: Kestrel
Transfer-Encoding: chunked
api-supported-versions: 1.0

{
    "id": 3,
    "idBook": 1,
    "url": "Updated_http://lorempixel.com/720/348/nightlife/"
}
19:54:14 INFO  *********CoverPhoto updated***********
]]></system-out>
  </testcase>
  <testcase name="testDeleteCoverPhoto" classname="api.test.CoverPhotoTests2" time="0.51">
    <system-out><![CDATA[19:54:14 INFO  ***********deleting CoverPhoto***********
HTTP/1.1 200 OK
Content-Length: 0
Date: Tue, 05 Aug 2025 14:24:13 GMT
Server: Kestrel
api-supported-versions: 1.0
19:54:14 INFO  **********CoverPhoto deleted*************
]]></system-out>
  </testcase>
  <testcase name="testCreateCoverPhoto[1, 1, https://dummyimage.com/600x400/1](1)" classname="api.test.DDTestsCoverPhoto" time="0.563">
    <system-out><![CDATA[HTTP/1.1 200 OK
Content-Type: application/json; charset=utf-8; v=1.0
Date: Tue, 05 Aug 2025 14:24:14 GMT
Server: Kestrel
Transfer-Encoding: chunked
api-supported-versions: 1.0

{
    "id": 1,
    "idBook": 1,
    "url": "https://dummyimage.com/600x400/1"
}
]]></system-out>
  </testcase>
  <testcase name="testCreateCoverPhoto[2, 2, https://dummyimage.com/600x400/2](2)" classname="api.test.DDTestsCoverPhoto" time="0.52">
    <system-out><![CDATA[HTTP/1.1 200 OK
Content-Type: application/json; charset=utf-8; v=1.0
Date: Tue, 05 Aug 2025 14:24:15 GMT
Server: Kestrel
Transfer-Encoding: chunked
api-supported-versions: 1.0

{
    "id": 2,
    "idBook": 2,
    "url": "https://dummyimage.com/600x400/2"
}
]]></system-out>
  </testcase>
  <testcase name="testCreateCoverPhoto[3, 3, https://dummyimage.com/600x400/3](3)" classname="api.test.DDTestsCoverPhoto" time="0.522">
    <system-out><![CDATA[HTTP/1.1 200 OK
Content-Type: application/json; charset=utf-8; v=1.0
Date: Tue, 05 Aug 2025 14:24:15 GMT
Server: Kestrel
Transfer-Encoding: chunked
api-supported-versions: 1.0

{
    "id": 3,
    "idBook": 3,
    "url": "https://dummyimage.com/600x400/3"
}
]]></system-out>
  </testcase>
  <testcase name="testGetCoverPhotoById[1, 1, https://dummyimage.com/600x400/1](1)" classname="api.test.DDTestsCoverPhoto" time="0.518">
    <system-out><![CDATA[HTTP/1.1 200 OK
Content-Type: application/json; charset=utf-8; v=1.0
Date: Tue, 05 Aug 2025 14:24:16 GMT
Server: Kestrel
Transfer-Encoding: chunked
api-supported-versions: 1.0

{
    "id": 1,
    "idBook": 1,
    "url": "https://placeholdit.imgix.net/~text?txtsize=33&txt=Book 1&w=250&h=350"
}
]]></system-out>
  </testcase>
  <testcase name="testGetCoverPhotoById[2, 2, https://dummyimage.com/600x400/2](2)" classname="api.test.DDTestsCoverPhoto" time="0.481">
    <system-out><![CDATA[HTTP/1.1 200 OK
Content-Type: application/json; charset=utf-8; v=1.0
Date: Tue, 05 Aug 2025 14:24:16 GMT
Server: Kestrel
Transfer-Encoding: chunked
api-supported-versions: 1.0

{
    "id": 2,
    "idBook": 2,
    "url": "https://placeholdit.imgix.net/~text?txtsize=33&txt=Book 2&w=250&h=350"
}
]]></system-out>
  </testcase>
  <testcase name="testGetCoverPhotoById[3, 3, https://dummyimage.com/600x400/3](3)" classname="api.test.DDTestsCoverPhoto" time="0.519">
    <system-out><![CDATA[HTTP/1.1 200 OK
Content-Type: application/json; charset=utf-8; v=1.0
Date: Tue, 05 Aug 2025 14:24:17 GMT
Server: Kestrel
Transfer-Encoding: chunked
api-supported-versions: 1.0

{
    "id": 3,
    "idBook": 3,
    "url": "https://placeholdit.imgix.net/~text?txtsize=33&txt=Book 3&w=250&h=350"
}
]]></system-out>
  </testcase>
  <testcase name="testUpdateCoverPhoto[1, 1, https://dummyimage.com/600x400/1](1)" classname="api.test.DDTestsCoverPhoto" time="0.52">
    <system-out><![CDATA[HTTP/1.1 200 OK
Content-Type: application/json; charset=utf-8; v=1.0
Date: Tue, 05 Aug 2025 14:24:18 GMT
Server: Kestrel
Transfer-Encoding: chunked
api-supported-versions: 1.0

{
    "id": 1,
    "idBook": 1,
    "url": "https://dummyimage.com/600x400/1?updated=true"
}
]]></system-out>
  </testcase>
  <testcase name="testUpdateCoverPhoto[2, 2, https://dummyimage.com/600x400/2](2)" classname="api.test.DDTestsCoverPhoto" time="0.492">
    <system-out><![CDATA[HTTP/1.1 200 OK
Content-Type: application/json; charset=utf-8; v=1.0
Date: Tue, 05 Aug 2025 14:24:18 GMT
Server: Kestrel
Transfer-Encoding: chunked
api-supported-versions: 1.0

{
    "id": 2,
    "idBook": 2,
    "url": "https://dummyimage.com/600x400/2?updated=true"
}
]]></system-out>
  </testcase>
  <testcase name="testUpdateCoverPhoto[3, 3, https://dummyimage.com/600x400/3](3)" classname="api.test.DDTestsCoverPhoto" time="0.525">
    <system-out><![CDATA[HTTP/1.1 200 OK
Content-Type: application/json; charset=utf-8; v=1.0
Date: Tue, 05 Aug 2025 14:24:19 GMT
Server: Kestrel
Transfer-Encoding: chunked
api-supported-versions: 1.0

{
    "id": 3,
    "idBook": 3,
    "url": "https://dummyimage.com/600x400/3?updated=true"
}
]]></system-out>
  </testcase>
  <testcase name="testDeleteCoverPhotoById[1, 1, https://dummyimage.com/600x400/1](1)" classname="api.test.DDTestsCoverPhoto" time="0.507">
    <system-out><![CDATA[HTTP/1.1 200 OK
Content-Length: 0
Date: Tue, 05 Aug 2025 14:24:19 GMT
Server: Kestrel
api-supported-versions: 1.0
]]></system-out>
  </testcase>
  <testcase name="testDeleteCoverPhotoById[2, 2, https://dummyimage.com/600x400/2](2)" classname="api.test.DDTestsCoverPhoto" time="0.487">
    <system-out><![CDATA[HTTP/1.1 200 OK
Content-Length: 0
Date: Tue, 05 Aug 2025 14:24:20 GMT
Server: Kestrel
api-supported-versions: 1.0
]]></system-out>
  </testcase>
  <testcase name="testDeleteCoverPhotoById[3, 3, https://dummyimage.com/600x400/3](3)" classname="api.test.DDTestsCoverPhoto" time="0.494">
    <system-out><![CDATA[HTTP/1.1 200 OK
Content-Length: 0
Date: Tue, 05 Aug 2025 14:24:20 GMT
Server: Kestrel
api-supported-versions: 1.0
]]></system-out>
  </testcase>
</testsuite>