<?xml version="1.0" encoding="UTF-8"?>
<testsuite xmlns:xsi="http://www.w3.org/2001/XMLSchema-instance" xsi:noNamespaceSchemaLocation="https://maven.apache.org/surefire/maven-surefire-plugin/xsd/surefire-test-report.xsd" version="3.0.2" name="TestSuite" time="33.993" tests="38" errors="0" skipped="0" failures="0">
  <properties>
[...]
</properties>
  <testcase name="testPostBook" classname="api.test.BookTests" time="5.476">
    <system-out><![CDATA[10:06:50 INFO  *********Creating Book*********
HTTP/1.1 200 OK
Content-Type: application/json; charset=utf-8; v=1.0
Date: Wed, 06 Aug 2025 04:36:53 GMT
Server: Kestrel
Transfer-Encoding: chunked
api-supported-versions: 1.0

{
    "id": 3,
    "title": "The Glory and the Dream",
    "description": "Sit numquam nihil corrupti corporis saepe beatae.",
    "pageCount": 322,
    "excerpt": "Excerpt of The Glory and the Dream",
    "publishDate": "2025-08-06T10:06:48.9219597"
}
10:06:55 INFO  *********Book is created **********
]]></system-out>
    <system-err><![CDATA[SLF4J(W): No SLF4J providers were found.
SLF4J(W): Defaulting to no-operation (NOP) logger implementation
SLF4J(W): See https://www.slf4j.org/codes.html#noProviders for further details.
]]></system-err>
  </testcase>
  <testcase name="testGetBook" classname="api.test.BookTests" time="0.679">
    <system-out><![CDATA[10:06:55 INFO  *********Reading Book Info***************
HTTP/1.1 200 OK
Content-Type: application/json; charset=utf-8; v=1.0
Date: Wed, 06 Aug 2025 04:36:54 GMT
Server: Kestrel
Transfer-Encoding: chunked
api-supported-versions: 1.0

{
    "id": 3,
    "title": "Book 3",
    "description": "Lorem lorem lorem. Lorem lorem lorem. Lorem lorem lorem.\n",
    "pageCount": 300,
    "excerpt": "Lorem lorem lorem. Lorem lorem lorem. Lorem lorem lorem.\nLorem lorem lorem. Lorem lorem lorem. Lorem lorem lorem.\nLorem lorem lorem. Lorem lorem lorem. Lorem lorem lorem.\nLorem lorem lorem. Lorem lorem lorem. Lorem lorem lorem.\nLorem lorem lorem. Lorem lorem lorem. Lorem lorem lorem.\n",
    "publishDate": "2025-08-03T04:36:55.2271755+00:00"
}
10:06:56 INFO  *******Book is displayed*******
]]></system-out>
  </testcase>
  <testcase name="testUpdateBook" classname="api.test.BookTests" time="0.598">
    <system-out><![CDATA[10:06:56 INFO  *******Updating Book ***********
HTTP/1.1 200 OK
Content-Type: application/json; charset=utf-8; v=1.0
Date: Wed, 06 Aug 2025 04:36:55 GMT
Server: Kestrel
Transfer-Encoding: chunked
api-supported-versions: 1.0

{
    "id": 3,
    "title": "The Yellow Meads of Asphodel",
    "description": "Quaerat cupiditate in et.",
    "pageCount": 137,
    "excerpt": "Updated excerpt for The Yellow Meads of Asphodel",
    "publishDate": "2025-08-06T10:06:56.1929633"
}
10:06:56 INFO  **********Book Updated***********
]]></system-out>
  </testcase>
  <testcase name="testDeleteBook" classname="api.test.BookTests" time="0.551">
    <system-out><![CDATA[10:06:56 INFO  **********Deleting Book***********
HTTP/1.1 200 OK
Content-Length: 0
Date: Wed, 06 Aug 2025 04:36:55 GMT
Server: Kestrel
api-supported-versions: 1.0
10:06:57 INFO  ************Book Deleted***********
]]></system-out>
  </testcase>
  <testcase name="testPostBook" classname="api.test.BookTests2" time="0.56">
    <system-out><![CDATA[10:06:57 INFO  *********Creating Book*********
HTTP/1.1 200 OK
Content-Type: application/json; charset=utf-8; v=1.0
Date: Wed, 06 Aug 2025 04:36:56 GMT
Server: Kestrel
Transfer-Encoding: chunked
api-supported-versions: 1.0

{
    "id": 3,
    "title": "Now Sleeps the Crimson Petal",
    "description": "Est quis eum repellat quia.",
    "pageCount": 237,
    "excerpt": "Excerpt of Now Sleeps the Crimson Petal",
    "publishDate": "2025-08-06T10:06:57.3719582"
}
10:06:57 INFO  *********Book is created **********
]]></system-out>
  </testcase>
  <testcase name="testGetBook" classname="api.test.BookTests2" time="0.508">
    <system-out><![CDATA[10:06:57 INFO  *********Reading Book Info***************
HTTP/1.1 200 OK
Content-Type: application/json; charset=utf-8; v=1.0
Date: Wed, 06 Aug 2025 04:36:56 GMT
Server: Kestrel
Transfer-Encoding: chunked
api-supported-versions: 1.0

{
    "id": 3,
    "title": "Book 3",
    "description": "Lorem lorem lorem. Lorem lorem lorem. Lorem lorem lorem.\n",
    "pageCount": 300,
    "excerpt": "Lorem lorem lorem. Lorem lorem lorem. Lorem lorem lorem.\nLorem lorem lorem. Lorem lorem lorem. Lorem lorem lorem.\nLorem lorem lorem. Lorem lorem lorem. Lorem lorem lorem.\nLorem lorem lorem. Lorem lorem lorem. Lorem lorem lorem.\nLorem lorem lorem. Lorem lorem lorem. Lorem lorem lorem.\n",
    "publishDate": "2025-08-03T04:36:57.4716875+00:00"
}
10:06:58 INFO  *******Book is displayed*******
]]></system-out>
  </testcase>
  <testcase name="testUpdateBook" classname="api.test.BookTests2" time="0.503">
    <system-out><![CDATA[10:06:58 INFO  *******Updating Book ***********
HTTP/1.1 200 OK
Content-Type: application/json; charset=utf-8; v=1.0
Date: Wed, 06 Aug 2025 04:36:57 GMT
Server: Kestrel
Transfer-Encoding: chunked
api-supported-versions: 1.0

{
    "id": 3,
    "title": "In a Glass Darkly",
    "description": "Velit minus consequatur vero a.",
    "pageCount": 251,
    "excerpt": "Updated excerpt for In a Glass Darkly",
    "publishDate": "2025-08-06T10:06:58.4329601"
}
10:06:58 INFO  **********Book Updated***********
]]></system-out>
  </testcase>
  <testcase name="testDeleteBook" classname="api.test.BookTests2" time="0.579">
    <system-out><![CDATA[10:06:58 INFO  **********Deleting Book***********
HTTP/1.1 200 OK
Content-Length: 0
Date: Wed, 06 Aug 2025 04:36:57 GMT
Server: Kestrel
api-supported-versions: 1.0
10:06:59 INFO  ************Book Deleted***********
]]></system-out>
  </testcase>
  <testcase name="testPostAuthor" classname="api.test.AuthorTests" time="0.542">
    <system-out><![CDATA[10:06:59 INFO  ************Creating Author****************
HTTP/1.1 200 OK
Content-Type: application/json; charset=utf-8; v=1.0
Date: Wed, 06 Aug 2025 04:36:58 GMT
Server: Kestrel
Transfer-Encoding: chunked
api-supported-versions: 1.0

{
    "id": 3,
    "idBook": 2,
    "firstName": "Elfreda",
    "lastName": "Gutmann"
}
10:07:00 INFO  ***************Author Created***************
]]></system-out>
  </testcase>
  <testcase name="testGetAuthor" classname="api.test.AuthorTests" time="0.479">
    <system-out><![CDATA[10:07:00 INFO  **************Reading Author Info**************
HTTP/1.1 200 OK
Content-Type: application/json; charset=utf-8; v=1.0
Date: Wed, 06 Aug 2025 04:36:59 GMT
Server: Kestrel
Transfer-Encoding: chunked
api-supported-versions: 1.0

{
    "id": 3,
    "idBook": 2,
    "firstName": "First Name 3",
    "lastName": "Last Name 3"
}
10:07:00 INFO  ***********Author is displayed************
]]></system-out>
  </testcase>
  <testcase name="testUpdateAuthor" classname="api.test.AuthorTests" time="0.498">
    <system-out><![CDATA[10:07:00 INFO  **************Updating Author*************
HTTP/1.1 200 OK
Content-Type: application/json; charset=utf-8; v=1.0
Date: Wed, 06 Aug 2025 04:36:59 GMT
Server: Kestrel
Transfer-Encoding: chunked
api-supported-versions: 1.0

{
    "id": 3,
    "idBook": 2,
    "firstName": "Updated_Felicia",
    "lastName": "Gutmann"
}
10:07:01 INFO  ************ Author Updated ************
]]></system-out>
  </testcase>
  <testcase name="testDeleteAuthor" classname="api.test.AuthorTests" time="0.499">
    <system-out><![CDATA[10:07:01 INFO  ************ Deleting Author ************
HTTP/1.1 200 OK
Content-Length: 0
Date: Wed, 06 Aug 2025 04:37:00 GMT
Server: Kestrel
api-supported-versions: 1.0
10:07:01 INFO  ************ Author Deleted ************
]]></system-out>
  </testcase>
  <testcase name="testPostAuthor" classname="api.test.AuthorTests2" time="0.536">
    <system-out><![CDATA[10:07:01 INFO  ************Creating Author****************
HTTP/1.1 200 OK
Content-Type: application/json; charset=utf-8; v=1.0
Date: Wed, 06 Aug 2025 04:37:00 GMT
Server: Kestrel
Transfer-Encoding: chunked
api-supported-versions: 1.0

{
    "id": 3,
    "idBook": 2,
    "firstName": "Chas",
    "lastName": "Hirthe"
}
10:07:02 INFO  ***************Author Created***************
]]></system-out>
  </testcase>
  <testcase name="testGetAuthor" classname="api.test.AuthorTests2" time="0.52">
    <system-out><![CDATA[10:07:02 INFO  **************Reading Author Info**************
HTTP/1.1 200 OK
Content-Type: application/json; charset=utf-8; v=1.0
Date: Wed, 06 Aug 2025 04:37:01 GMT
Server: Kestrel
Transfer-Encoding: chunked
api-supported-versions: 1.0

{
    "id": 3,
    "idBook": 1,
    "firstName": "First Name 3",
    "lastName": "Last Name 3"
}
10:07:02 INFO  ***********Author is displayed************
]]></system-out>
  </testcase>
  <testcase name="testUpdateAuthor" classname="api.test.AuthorTests2" time="0.495">
    <system-out><![CDATA[10:07:02 INFO  **************Updating Author*************
HTTP/1.1 200 OK
Content-Type: application/json; charset=utf-8; v=1.0
Date: Wed, 06 Aug 2025 04:37:01 GMT
Server: Kestrel
Transfer-Encoding: chunked
api-supported-versions: 1.0

{
    "id": 3,
    "idBook": 2,
    "firstName": "Updated_Ardis",
    "lastName": "Hirthe"
}
10:07:03 INFO  ************ Author Updated ************
]]></system-out>
  </testcase>
  <testcase name="testDeleteAuthor" classname="api.test.AuthorTests2" time="0.468">
    <system-out><![CDATA[10:07:03 INFO  ************ Deleting Author ************
HTTP/1.1 200 OK
Content-Length: 0
Date: Wed, 06 Aug 2025 04:37:02 GMT
Server: Kestrel
api-supported-versions: 1.0
10:07:03 INFO  ************ Author Deleted ************
]]></system-out>
  </testcase>
  <testcase name="testAuthorFlow[101.0, 2.0, John, Smith](1)" classname="api.test.DDTestsAuthor" time="2.038">
    <system-out><![CDATA[{
    "id": 101,
    "idBook": 2,
    "firstName": "John",
    "lastName": "Smith"
}
{
    "id": 101,
    "idBook": 34,
    "firstName": "First Name 101",
    "lastName": "Last Name 101"
}
{
    "id": 101,
    "idBook": 2,
    "firstName": "Updated_John",
    "lastName": "Smith"
}

]]></system-out>
  </testcase>
  <testcase name="testAuthorFlow[102.0, 3.0, Jane, Doe](2)" classname="api.test.DDTestsAuthor" time="1.913">
    <system-out><![CDATA[{
    "id": 102,
    "idBook": 3,
    "firstName": "Jane",
    "lastName": "Doe"
}
{
    "id": 102,
    "idBook": 34,
    "firstName": "First Name 102",
    "lastName": "Last Name 102"
}
{
    "id": 102,
    "idBook": 3,
    "firstName": "Updated_Jane",
    "lastName": "Doe"
}

]]></system-out>
  </testcase>
  <testcase name="testPostCoverPhoto" classname="api.test.CoverPhotoTests" time="0.545">
    <system-out><![CDATA[10:07:08 INFO  *******creating CoverPhoto***********
HTTP/1.1 200 OK
Content-Type: application/json; charset=utf-8; v=1.0
Date: Wed, 06 Aug 2025 04:37:07 GMT
Server: Kestrel
Transfer-Encoding: chunked
api-supported-versions: 1.0

{
    "id": 3,
    "idBook": 1,
    "url": "http://lorempixel.com/g/1024/768/food/"
}
10:07:09 INFO  **********CoverPhoto created**********
]]></system-out>
  </testcase>
  <testcase name="testGetCoverPhoto" classname="api.test.CoverPhotoTests" time="0.479">
    <system-out><![CDATA[10:07:09 INFO  **********reading CoverPhoto***********
HTTP/1.1 200 OK
Content-Type: application/json; charset=utf-8; v=1.0
Date: Wed, 06 Aug 2025 04:37:08 GMT
Server: Kestrel
Transfer-Encoding: chunked
api-supported-versions: 1.0

{
    "id": 1,
    "idBook": 1,
    "url": "https://placeholdit.imgix.net/~text?txtsize=33&txt=Book 1&w=250&h=350"
}
10:07:09 INFO  ********CoverPhoto is displayed***********
]]></system-out>
  </testcase>
  <testcase name="testUpdateCoverPhoto" classname="api.test.CoverPhotoTests" time="0.503">
    <system-out><![CDATA[10:07:09 INFO  *********updating CoverPhoto**********
HTTP/1.1 200 OK
Content-Type: application/json; charset=utf-8; v=1.0
Date: Wed, 06 Aug 2025 04:37:08 GMT
Server: Kestrel
Transfer-Encoding: chunked
api-supported-versions: 1.0

{
    "id": 3,
    "idBook": 1,
    "url": "Updated_http://lorempixel.com/1680/1050/nature/"
}
10:07:10 INFO  *********CoverPhoto updated***********
]]></system-out>
  </testcase>
  <testcase name="testDeleteCoverPhoto" classname="api.test.CoverPhotoTests" time="0.52">
    <system-out><![CDATA[10:07:10 INFO  ***********deleting CoverPhoto***********
HTTP/1.1 200 OK
Content-Length: 0
Date: Wed, 06 Aug 2025 04:37:09 GMT
Server: Kestrel
api-supported-versions: 1.0
10:07:10 INFO  **********CoverPhoto deleted*************
]]></system-out>
  </testcase>
  <testcase name="testPostCoverPhoto" classname="api.test.CoverPhotoTests2" time="0.555">
    <system-out><![CDATA[10:07:10 INFO  *******creating/Updating CoverPhoto (using PUT) ***********
HTTP/1.1 200 OK
Content-Type: application/json; charset=utf-8; v=1.0
Date: Wed, 06 Aug 2025 04:37:09 GMT
Server: Kestrel
Transfer-Encoding: chunked
api-supported-versions: 1.0

{
    "id": 3,
    "idBook": 1,
    "url": "http://lorempixel.com/720/348/sports/"
}
10:07:11 INFO  **********CoverPhoto created/updated**********
]]></system-out>
  </testcase>
  <testcase name="testGetCoverPhoto" classname="api.test.CoverPhotoTests2" time="0.482">
    <system-out><![CDATA[10:07:11 INFO  **********reading CoverPhoto***********
HTTP/1.1 200 OK
Content-Type: application/json; charset=utf-8; v=1.0
Date: Wed, 06 Aug 2025 04:37:10 GMT
Server: Kestrel
Transfer-Encoding: chunked
api-supported-versions: 1.0

{
    "id": 1,
    "idBook": 1,
    "url": "https://placeholdit.imgix.net/~text?txtsize=33&txt=Book 1&w=250&h=350"
}
10:07:11 INFO  ********CoverPhoto is displayed***********
]]></system-out>
  </testcase>
  <testcase name="testUpdateCoverPhoto" classname="api.test.CoverPhotoTests2" time="0.475">
    <system-out><![CDATA[10:07:11 INFO  *********updating CoverPhoto**********
HTTP/1.1 200 OK
Content-Type: application/json; charset=utf-8; v=1.0
Date: Wed, 06 Aug 2025 04:37:10 GMT
Server: Kestrel
Transfer-Encoding: chunked
api-supported-versions: 1.0

{
    "id": 3,
    "idBook": 1,
    "url": "Updated_http://lorempixel.com/320/200/animals/"
}
10:07:12 INFO  *********CoverPhoto updated***********
]]></system-out>
  </testcase>
  <testcase name="testDeleteCoverPhoto" classname="api.test.CoverPhotoTests2" time="0.545">
    <system-out><![CDATA[10:07:12 INFO  ***********deleting CoverPhoto***********
HTTP/1.1 200 OK
Content-Length: 0
Date: Wed, 06 Aug 2025 04:37:11 GMT
Server: Kestrel
api-supported-versions: 1.0
10:07:12 INFO  **********CoverPhoto deleted*************
]]></system-out>
  </testcase>
  <testcase name="testCreateCoverPhoto[1, 1, https://dummyimage.com/600x400/1](1)" classname="api.test.DDTestsCoverPhoto" time="0.568">
    <system-out><![CDATA[HTTP/1.1 200 OK
Content-Type: application/json; charset=utf-8; v=1.0
Date: Wed, 06 Aug 2025 04:37:12 GMT
Server: Kestrel
Transfer-Encoding: chunked
api-supported-versions: 1.0

{
    "id": 1,
    "idBook": 1,
    "url": "https://dummyimage.com/600x400/1"
}
]]></system-out>
  </testcase>
  <testcase name="testCreateCoverPhoto[2, 2, https://dummyimage.com/600x400/2](2)" classname="api.test.DDTestsCoverPhoto" time="0.532">
    <system-out><![CDATA[HTTP/1.1 200 OK
Content-Type: application/json; charset=utf-8; v=1.0
Date: Wed, 06 Aug 2025 04:37:12 GMT
Server: Kestrel
Transfer-Encoding: chunked
api-supported-versions: 1.0

{
    "id": 2,
    "idBook": 2,
    "url": "https://dummyimage.com/600x400/2"
}
]]></system-out>
  </testcase>
  <testcase name="testCreateCoverPhoto[3, 3, https://dummyimage.com/600x400/3](3)" classname="api.test.DDTestsCoverPhoto" time="0.513">
    <system-out><![CDATA[HTTP/1.1 200 OK
Content-Type: application/json; charset=utf-8; v=1.0
Date: Wed, 06 Aug 2025 04:37:13 GMT
Server: Kestrel
Transfer-Encoding: chunked
api-supported-versions: 1.0

{
    "id": 3,
    "idBook": 3,
    "url": "https://dummyimage.com/600x400/3"
}
]]></system-out>
  </testcase>
  <testcase name="testGetCoverPhotoById[1, 1, https://dummyimage.com/600x400/1](1)" classname="api.test.DDTestsCoverPhoto" time="0.513">
    <system-out><![CDATA[HTTP/1.1 200 OK
Content-Type: application/json; charset=utf-8; v=1.0
Date: Wed, 06 Aug 2025 04:37:13 GMT
Server: Kestrel
Transfer-Encoding: chunked
api-supported-versions: 1.0

{
    "id": 1,
    "idBook": 1,
    "url": "https://placeholdit.imgix.net/~text?txtsize=33&txt=Book 1&w=250&h=350"
}
]]></system-out>
  </testcase>
  <testcase name="testGetCoverPhotoById[2, 2, https://dummyimage.com/600x400/2](2)" classname="api.test.DDTestsCoverPhoto" time="0.524">
    <system-out><![CDATA[HTTP/1.1 200 OK
Content-Type: application/json; charset=utf-8; v=1.0
Date: Wed, 06 Aug 2025 04:37:14 GMT
Server: Kestrel
Transfer-Encoding: chunked
api-supported-versions: 1.0

{
    "id": 2,
    "idBook": 2,
    "url": "https://placeholdit.imgix.net/~text?txtsize=33&txt=Book 2&w=250&h=350"
}
]]></system-out>
  </testcase>
  <testcase name="testGetCoverPhotoById[3, 3, https://dummyimage.com/600x400/3](3)" classname="api.test.DDTestsCoverPhoto" time="0.507">
    <system-out><![CDATA[HTTP/1.1 200 OK
Content-Type: application/json; charset=utf-8; v=1.0
Date: Wed, 06 Aug 2025 04:37:14 GMT
Server: Kestrel
Transfer-Encoding: chunked
api-supported-versions: 1.0

{
    "id": 3,
    "idBook": 3,
    "url": "https://placeholdit.imgix.net/~text?txtsize=33&txt=Book 3&w=250&h=350"
}
]]></system-out>
  </testcase>
  <testcase name="testUpdateCoverPhoto[1, 1, https://dummyimage.com/600x400/1](1)" classname="api.test.DDTestsCoverPhoto" time="0.511">
    <system-out><![CDATA[HTTP/1.1 200 OK
Content-Type: application/json; charset=utf-8; v=1.0
Date: Wed, 06 Aug 2025 04:37:15 GMT
Server: Kestrel
Transfer-Encoding: chunked
api-supported-versions: 1.0

{
    "id": 1,
    "idBook": 1,
    "url": "https://dummyimage.com/600x400/1?updated=true"
}
]]></system-out>
  </testcase>
  <testcase name="testUpdateCoverPhoto[2, 2, https://dummyimage.com/600x400/2](2)" classname="api.test.DDTestsCoverPhoto" time="0.53">
    <system-out><![CDATA[HTTP/1.1 200 OK
Content-Type: application/json; charset=utf-8; v=1.0
Date: Wed, 06 Aug 2025 04:37:15 GMT
Server: Kestrel
Transfer-Encoding: chunked
api-supported-versions: 1.0

{
    "id": 2,
    "idBook": 2,
    "url": "https://dummyimage.com/600x400/2?updated=true"
}
]]></system-out>
  </testcase>
  <testcase name="testUpdateCoverPhoto[3, 3, https://dummyimage.com/600x400/3](3)" classname="api.test.DDTestsCoverPhoto" time="0.527">
    <system-out><![CDATA[HTTP/1.1 200 OK
Content-Type: application/json; charset=utf-8; v=1.0
Date: Wed, 06 Aug 2025 04:37:16 GMT
Server: Kestrel
Transfer-Encoding: chunked
api-supported-versions: 1.0

{
    "id": 3,
    "idBook": 3,
    "url": "https://dummyimage.com/600x400/3?updated=true"
}
]]></system-out>
  </testcase>
  <testcase name="testDeleteCoverPhotoById[1, 1, https://dummyimage.com/600x400/1](1)" classname="api.test.DDTestsCoverPhoto" time="0.476">
    <system-out><![CDATA[HTTP/1.1 200 OK
Content-Length: 0
Date: Wed, 06 Aug 2025 04:37:16 GMT
Server: Kestrel
api-supported-versions: 1.0
]]></system-out>
  </testcase>
  <testcase name="testDeleteCoverPhotoById[2, 2, https://dummyimage.com/600x400/2](2)" classname="api.test.DDTestsCoverPhoto" time="0.47">
    <system-out><![CDATA[HTTP/1.1 200 OK
Content-Length: 0
Date: Wed, 06 Aug 2025 04:37:17 GMT
Server: Kestrel
api-supported-versions: 1.0
]]></system-out>
  </testcase>
  <testcase name="testDeleteCoverPhotoById[3, 3, https://dummyimage.com/600x400/3](3)" classname="api.test.DDTestsCoverPhoto" time="0.493">
    <system-out><![CDATA[HTTP/1.1 200 OK
Content-Length: 0
Date: Wed, 06 Aug 2025 04:37:17 GMT
Server: Kestrel
api-supported-versions: 1.0
]]></system-out>
  </testcase>
</testsuite>