<?xml version="1.0" encoding="UTF-8"?>
<testng-results ignored="0" total="46" passed="46" failed="0" skipped="0">
  <reporter-output>
  </reporter-output>
  <suite started-at="2025-08-06T10:15:24 IST" name="BookSuite" finished-at="2025-08-06T10:15:59 IST" duration-ms="34592">
    <groups>
    </groups>
    <test started-at="2025-08-06T10:15:24 IST" name="BookTest" finished-at="2025-08-06T10:15:59 IST" duration-ms="34592">
      <class name="api.test.AuthorTests2">
        <test-method is-config="true" signature="setup()[pri:0, instance:api.test.AuthorTests2@6cf0e0ba]" started-at="2025-08-06T10:15:42 IST" name="setup" finished-at="2025-08-06T10:15:42 IST" duration-ms="45" status="PASS">
          <reporter-output>
          </reporter-output>
        </test-method> <!-- setup -->
        <test-method signature="testPostAuthor()[pri:1, instance:api.test.AuthorTests2@6cf0e0ba]" started-at="2025-08-06T10:15:42 IST" name="testPostAuthor" finished-at="2025-08-06T10:15:42 IST" duration-ms="482" status="PASS">
          <reporter-output>
          </reporter-output>
        </test-method> <!-- testPostAuthor -->
        <test-method signature="testGetAuthor()[pri:2, instance:api.test.AuthorTests2@6cf0e0ba]" started-at="2025-08-06T10:15:42 IST" name="testGetAuthor" finished-at="2025-08-06T10:15:43 IST" duration-ms="504" status="PASS">
          <reporter-output>
          </reporter-output>
        </test-method> <!-- testGetAuthor -->
        <test-method signature="testUpdateAuthor()[pri:3, instance:api.test.AuthorTests2@6cf0e0ba]" started-at="2025-08-06T10:15:43 IST" name="testUpdateAuthor" finished-at="2025-08-06T10:15:43 IST" duration-ms="495" status="PASS">
          <reporter-output>
          </reporter-output>
        </test-method> <!-- testUpdateAuthor -->
        <test-method signature="testDeleteAuthor()[pri:4, instance:api.test.AuthorTests2@6cf0e0ba]" started-at="2025-08-06T10:15:43 IST" name="testDeleteAuthor" finished-at="2025-08-06T10:15:44 IST" duration-ms="521" status="PASS">
          <reporter-output>
          </reporter-output>
        </test-method> <!-- testDeleteAuthor -->
      </class> <!-- api.test.AuthorTests2 -->
      <class name="api.test.CoverPhotoTests">
        <test-method is-config="true" signature="setup()[pri:0, instance:api.test.CoverPhotoTests@130d63be]" started-at="2025-08-06T10:15:49 IST" name="setup" finished-at="2025-08-06T10:15:49 IST" duration-ms="15" status="PASS">
          <reporter-output>
          </reporter-output>
        </test-method> <!-- setup -->
        <test-method signature="testPostCoverPhoto()[pri:1, instance:api.test.CoverPhotoTests@130d63be]" started-at="2025-08-06T10:15:49 IST" name="testPostCoverPhoto" finished-at="2025-08-06T10:15:49 IST" duration-ms="492" status="PASS">
          <reporter-output>
          </reporter-output>
        </test-method> <!-- testPostCoverPhoto -->
        <test-method signature="testGetCoverPhoto()[pri:2, instance:api.test.CoverPhotoTests@130d63be]" started-at="2025-08-06T10:15:49 IST" name="testGetCoverPhoto" finished-at="2025-08-06T10:15:50 IST" duration-ms="513" status="PASS">
          <reporter-output>
          </reporter-output>
        </test-method> <!-- testGetCoverPhoto -->
        <test-method signature="testUpdateCoverPhoto()[pri:3, instance:api.test.CoverPhotoTests@130d63be]" started-at="2025-08-06T10:15:50 IST" name="testUpdateCoverPhoto" finished-at="2025-08-06T10:15:50 IST" duration-ms="487" status="PASS">
          <reporter-output>
          </reporter-output>
        </test-method> <!-- testUpdateCoverPhoto -->
        <test-method signature="testDeleteCoverPhoto()[pri:4, instance:api.test.CoverPhotoTests@130d63be]" started-at="2025-08-06T10:15:50 IST" name="testDeleteCoverPhoto" finished-at="2025-08-06T10:15:51 IST" duration-ms="495" status="PASS">
          <reporter-output>
          </reporter-output>
        </test-method> <!-- testDeleteCoverPhoto -->
      </class> <!-- api.test.CoverPhotoTests -->
      <class name="api.test.DDTestsCoverPhoto">
        <test-method signature="testCreateCoverPhoto(java.lang.String,java.lang.String,java.lang.String)[pri:0, instance:api.test.DDTestsCoverPhoto@293a5bf6]" started-at="2025-08-06T10:15:53 IST" name="testCreateCoverPhoto" data-provider="coverPhotoData" finished-at="2025-08-06T10:15:54 IST" duration-ms="476" status="PASS">
          <params>
            <param index="0">
              <value>
                <![CDATA[1]]>
              </value>
            </param>
            <param index="1">
              <value>
                <![CDATA[1]]>
              </value>
            </param>
            <param index="2">
              <value>
                <![CDATA[https://dummyimage.com/600x400/1]]>
              </value>
            </param>
          </params>
          <reporter-output>
          </reporter-output>
        </test-method> <!-- testCreateCoverPhoto -->
        <test-method signature="testCreateCoverPhoto(java.lang.String,java.lang.String,java.lang.String)[pri:0, instance:api.test.DDTestsCoverPhoto@293a5bf6]" started-at="2025-08-06T10:15:54 IST" name="testCreateCoverPhoto" data-provider="coverPhotoData" finished-at="2025-08-06T10:15:54 IST" duration-ms="478" status="PASS">
          <params>
            <param index="0">
              <value>
                <![CDATA[2]]>
              </value>
            </param>
            <param index="1">
              <value>
                <![CDATA[2]]>
              </value>
            </param>
            <param index="2">
              <value>
                <![CDATA[https://dummyimage.com/600x400/2]]>
              </value>
            </param>
          </params>
          <reporter-output>
          </reporter-output>
        </test-method> <!-- testCreateCoverPhoto -->
        <test-method signature="testCreateCoverPhoto(java.lang.String,java.lang.String,java.lang.String)[pri:0, instance:api.test.DDTestsCoverPhoto@293a5bf6]" started-at="2025-08-06T10:15:54 IST" name="testCreateCoverPhoto" data-provider="coverPhotoData" finished-at="2025-08-06T10:15:54 IST" duration-ms="474" status="PASS">
          <params>
            <param index="0">
              <value>
                <![CDATA[3]]>
              </value>
            </param>
            <param index="1">
              <value>
                <![CDATA[3]]>
              </value>
            </param>
            <param index="2">
              <value>
                <![CDATA[https://dummyimage.com/600x400/3]]>
              </value>
            </param>
          </params>
          <reporter-output>
          </reporter-output>
        </test-method> <!-- testCreateCoverPhoto -->
        <test-method signature="testGetCoverPhotoById(java.lang.String,java.lang.String,java.lang.String)[pri:2, instance:api.test.DDTestsCoverPhoto@293a5bf6]" started-at="2025-08-06T10:15:55 IST" name="testGetCoverPhotoById" data-provider="coverPhotoData" finished-at="2025-08-06T10:15:55 IST" duration-ms="477" status="PASS">
          <params>
            <param index="0">
              <value>
                <![CDATA[1]]>
              </value>
            </param>
            <param index="1">
              <value>
                <![CDATA[1]]>
              </value>
            </param>
            <param index="2">
              <value>
                <![CDATA[https://dummyimage.com/600x400/1]]>
              </value>
            </param>
          </params>
          <reporter-output>
          </reporter-output>
        </test-method> <!-- testGetCoverPhotoById -->
        <test-method signature="testGetCoverPhotoById(java.lang.String,java.lang.String,java.lang.String)[pri:2, instance:api.test.DDTestsCoverPhoto@293a5bf6]" started-at="2025-08-06T10:15:55 IST" name="testGetCoverPhotoById" data-provider="coverPhotoData" finished-at="2025-08-06T10:15:56 IST" duration-ms="499" status="PASS">
          <params>
            <param index="0">
              <value>
                <![CDATA[2]]>
              </value>
            </param>
            <param index="1">
              <value>
                <![CDATA[2]]>
              </value>
            </param>
            <param index="2">
              <value>
                <![CDATA[https://dummyimage.com/600x400/2]]>
              </value>
            </param>
          </params>
          <reporter-output>
          </reporter-output>
        </test-method> <!-- testGetCoverPhotoById -->
        <test-method signature="testGetCoverPhotoById(java.lang.String,java.lang.String,java.lang.String)[pri:2, instance:api.test.DDTestsCoverPhoto@293a5bf6]" started-at="2025-08-06T10:15:56 IST" name="testGetCoverPhotoById" data-provider="coverPhotoData" finished-at="2025-08-06T10:15:56 IST" duration-ms="476" status="PASS">
          <params>
            <param index="0">
              <value>
                <![CDATA[3]]>
              </value>
            </param>
            <param index="1">
              <value>
                <![CDATA[3]]>
              </value>
            </param>
            <param index="2">
              <value>
                <![CDATA[https://dummyimage.com/600x400/3]]>
              </value>
            </param>
          </params>
          <reporter-output>
          </reporter-output>
        </test-method> <!-- testGetCoverPhotoById -->
        <test-method signature="testUpdateCoverPhoto(java.lang.String,java.lang.String,java.lang.String)[pri:3, instance:api.test.DDTestsCoverPhoto@293a5bf6]" started-at="2025-08-06T10:15:56 IST" name="testUpdateCoverPhoto" data-provider="coverPhotoData" finished-at="2025-08-06T10:15:57 IST" duration-ms="495" status="PASS">
          <params>
            <param index="0">
              <value>
                <![CDATA[1]]>
              </value>
            </param>
            <param index="1">
              <value>
                <![CDATA[1]]>
              </value>
            </param>
            <param index="2">
              <value>
                <![CDATA[https://dummyimage.com/600x400/1]]>
              </value>
            </param>
          </params>
          <reporter-output>
          </reporter-output>
        </test-method> <!-- testUpdateCoverPhoto -->
        <test-method signature="testUpdateCoverPhoto(java.lang.String,java.lang.String,java.lang.String)[pri:3, instance:api.test.DDTestsCoverPhoto@293a5bf6]" started-at="2025-08-06T10:15:57 IST" name="testUpdateCoverPhoto" data-provider="coverPhotoData" finished-at="2025-08-06T10:15:57 IST" duration-ms="499" status="PASS">
          <params>
            <param index="0">
              <value>
                <![CDATA[2]]>
              </value>
            </param>
            <param index="1">
              <value>
                <![CDATA[2]]>
              </value>
            </param>
            <param index="2">
              <value>
                <![CDATA[https://dummyimage.com/600x400/2]]>
              </value>
            </param>
          </params>
          <reporter-output>
          </reporter-output>
        </test-method> <!-- testUpdateCoverPhoto -->
        <test-method signature="testUpdateCoverPhoto(java.lang.String,java.lang.String,java.lang.String)[pri:3, instance:api.test.DDTestsCoverPhoto@293a5bf6]" started-at="2025-08-06T10:15:57 IST" name="testUpdateCoverPhoto" data-provider="coverPhotoData" finished-at="2025-08-06T10:15:58 IST" duration-ms="490" status="PASS">
          <params>
            <param index="0">
              <value>
                <![CDATA[3]]>
              </value>
            </param>
            <param index="1">
              <value>
                <![CDATA[3]]>
              </value>
            </param>
            <param index="2">
              <value>
                <![CDATA[https://dummyimage.com/600x400/3]]>
              </value>
            </param>
          </params>
          <reporter-output>
          </reporter-output>
        </test-method> <!-- testUpdateCoverPhoto -->
        <test-method signature="testDeleteCoverPhotoById(java.lang.String,java.lang.String,java.lang.String)[pri:4, instance:api.test.DDTestsCoverPhoto@293a5bf6]" started-at="2025-08-06T10:15:58 IST" name="testDeleteCoverPhotoById" data-provider="coverPhotoData" finished-at="2025-08-06T10:15:58 IST" duration-ms="500" status="PASS">
          <params>
            <param index="0">
              <value>
                <![CDATA[1]]>
              </value>
            </param>
            <param index="1">
              <value>
                <![CDATA[1]]>
              </value>
            </param>
            <param index="2">
              <value>
                <![CDATA[https://dummyimage.com/600x400/1]]>
              </value>
            </param>
          </params>
          <reporter-output>
          </reporter-output>
        </test-method> <!-- testDeleteCoverPhotoById -->
        <test-method signature="testDeleteCoverPhotoById(java.lang.String,java.lang.String,java.lang.String)[pri:4, instance:api.test.DDTestsCoverPhoto@293a5bf6]" started-at="2025-08-06T10:15:58 IST" name="testDeleteCoverPhotoById" data-provider="coverPhotoData" finished-at="2025-08-06T10:15:59 IST" duration-ms="481" status="PASS">
          <params>
            <param index="0">
              <value>
                <![CDATA[2]]>
              </value>
            </param>
            <param index="1">
              <value>
                <![CDATA[2]]>
              </value>
            </param>
            <param index="2">
              <value>
                <![CDATA[https://dummyimage.com/600x400/2]]>
              </value>
            </param>
          </params>
          <reporter-output>
          </reporter-output>
        </test-method> <!-- testDeleteCoverPhotoById -->
        <test-method signature="testDeleteCoverPhotoById(java.lang.String,java.lang.String,java.lang.String)[pri:4, instance:api.test.DDTestsCoverPhoto@293a5bf6]" started-at="2025-08-06T10:15:59 IST" name="testDeleteCoverPhotoById" data-provider="coverPhotoData" finished-at="2025-08-06T10:15:59 IST" duration-ms="488" status="PASS">
          <params>
            <param index="0">
              <value>
                <![CDATA[3]]>
              </value>
            </param>
            <param index="1">
              <value>
                <![CDATA[3]]>
              </value>
            </param>
            <param index="2">
              <value>
                <![CDATA[https://dummyimage.com/600x400/3]]>
              </value>
            </param>
          </params>
          <reporter-output>
          </reporter-output>
        </test-method> <!-- testDeleteCoverPhotoById -->
      </class> <!-- api.test.DDTestsCoverPhoto -->
      <class name="api.test.AuthorTests">
        <test-method is-config="true" signature="setup()[pri:0, instance:api.test.AuthorTests@4f83df68]" started-at="2025-08-06T10:15:40 IST" name="setup" finished-at="2025-08-06T10:15:40 IST" duration-ms="34" status="PASS">
          <reporter-output>
          </reporter-output>
        </test-method> <!-- setup -->
        <test-method signature="testPostAuthor()[pri:1, instance:api.test.AuthorTests@4f83df68]" started-at="2025-08-06T10:15:40 IST" name="testPostAuthor" finished-at="2025-08-06T10:15:40 IST" duration-ms="496" status="PASS">
          <reporter-output>
          </reporter-output>
        </test-method> <!-- testPostAuthor -->
        <test-method signature="testGetAuthor()[pri:2, instance:api.test.AuthorTests@4f83df68]" started-at="2025-08-06T10:15:40 IST" name="testGetAuthor" finished-at="2025-08-06T10:15:41 IST" duration-ms="531" status="PASS">
          <reporter-output>
          </reporter-output>
        </test-method> <!-- testGetAuthor -->
        <test-method signature="testUpdateAuthor()[pri:3, instance:api.test.AuthorTests@4f83df68]" started-at="2025-08-06T10:15:41 IST" name="testUpdateAuthor" finished-at="2025-08-06T10:15:41 IST" duration-ms="498" status="PASS">
          <reporter-output>
          </reporter-output>
        </test-method> <!-- testUpdateAuthor -->
        <test-method signature="testDeleteAuthor()[pri:4, instance:api.test.AuthorTests@4f83df68]" started-at="2025-08-06T10:15:41 IST" name="testDeleteAuthor" finished-at="2025-08-06T10:15:42 IST" duration-ms="477" status="PASS">
          <reporter-output>
          </reporter-output>
        </test-method> <!-- testDeleteAuthor -->
      </class> <!-- api.test.AuthorTests -->
      <class name="api.test.UserTests2">
        <test-method is-config="true" signature="setup()[pri:0, instance:api.test.UserTests2@35e2d654]" started-at="2025-08-06T10:15:33 IST" name="setup" finished-at="2025-08-06T10:15:33 IST" duration-ms="105" status="PASS">
          <reporter-output>
          </reporter-output>
        </test-method> <!-- setup -->
        <test-method signature="testPostUser()[pri:1, instance:api.test.UserTests2@35e2d654]" started-at="2025-08-06T10:15:33 IST" name="testPostUser" finished-at="2025-08-06T10:15:34 IST" duration-ms="518" status="PASS">
          <reporter-output>
          </reporter-output>
        </test-method> <!-- testPostUser -->
        <test-method signature="testGetUser()[pri:2, instance:api.test.UserTests2@35e2d654]" started-at="2025-08-06T10:15:34 IST" name="testGetUser" finished-at="2025-08-06T10:15:34 IST" duration-ms="512" status="PASS">
          <reporter-output>
          </reporter-output>
        </test-method> <!-- testGetUser -->
        <test-method signature="testUpdateUser()[pri:3, instance:api.test.UserTests2@35e2d654]" started-at="2025-08-06T10:15:34 IST" name="testUpdateUser" finished-at="2025-08-06T10:15:35 IST" duration-ms="500" status="PASS">
          <reporter-output>
          </reporter-output>
        </test-method> <!-- testUpdateUser -->
        <test-method signature="testDeleteUser()[pri:4, instance:api.test.UserTests2@35e2d654]" started-at="2025-08-06T10:15:35 IST" name="testDeleteUser" finished-at="2025-08-06T10:15:35 IST" duration-ms="499" status="PASS">
          <reporter-output>
          </reporter-output>
        </test-method> <!-- testDeleteUser -->
      </class> <!-- api.test.UserTests2 -->
      <class name="api.test.UserTests">
        <test-method is-config="true" signature="setup()[pri:0, instance:api.test.UserTests@67c27493]" started-at="2025-08-06T10:15:25 IST" name="setup" finished-at="2025-08-06T10:15:27 IST" duration-ms="1546" status="PASS">
          <reporter-output>
          </reporter-output>
        </test-method> <!-- setup -->
        <test-method signature="testPostUser()[pri:1, instance:api.test.UserTests@67c27493]" started-at="2025-08-06T10:15:27 IST" name="testPostUser" finished-at="2025-08-06T10:15:32 IST" duration-ms="4949" status="PASS">
          <reporter-output>
          </reporter-output>
        </test-method> <!-- testPostUser -->
        <test-method signature="testGetUser()[pri:2, instance:api.test.UserTests@67c27493]" started-at="2025-08-06T10:15:32 IST" name="testGetUser" finished-at="2025-08-06T10:15:32 IST" duration-ms="591" status="PASS">
          <reporter-output>
          </reporter-output>
        </test-method> <!-- testGetUser -->
        <test-method signature="testUpdateUser()[pri:3, instance:api.test.UserTests@67c27493]" started-at="2025-08-06T10:15:32 IST" name="testUpdateUser" finished-at="2025-08-06T10:15:33 IST" duration-ms="529" status="PASS">
          <reporter-output>
          </reporter-output>
        </test-method> <!-- testUpdateUser -->
        <test-method signature="testDeleteUser()[pri:4, instance:api.test.UserTests@67c27493]" started-at="2025-08-06T10:15:33 IST" name="testDeleteUser" finished-at="2025-08-06T10:15:33 IST" duration-ms="509" status="PASS">
          <reporter-output>
          </reporter-output>
        </test-method> <!-- testDeleteUser -->
      </class> <!-- api.test.UserTests -->
      <class name="api.test.BookTests2">
        <test-method is-config="true" signature="setup()[pri:0, instance:api.test.BookTests2@55183b20]" started-at="2025-08-06T10:15:37 IST" name="setup" finished-at="2025-08-06T10:15:38 IST" duration-ms="20" status="PASS">
          <reporter-output>
          </reporter-output>
        </test-method> <!-- setup -->
        <test-method signature="testPostBook()[pri:1, instance:api.test.BookTests2@55183b20]" started-at="2025-08-06T10:15:38 IST" name="testPostBook" finished-at="2025-08-06T10:15:38 IST" duration-ms="520" status="PASS">
          <reporter-output>
          </reporter-output>
        </test-method> <!-- testPostBook -->
        <test-method signature="testGetBook()[pri:2, instance:api.test.BookTests2@55183b20]" started-at="2025-08-06T10:15:38 IST" name="testGetBook" finished-at="2025-08-06T10:15:39 IST" duration-ms="488" status="PASS">
          <reporter-output>
          </reporter-output>
        </test-method> <!-- testGetBook -->
        <test-method signature="testUpdateBook()[pri:3, instance:api.test.BookTests2@55183b20]" started-at="2025-08-06T10:15:39 IST" name="testUpdateBook" finished-at="2025-08-06T10:15:39 IST" duration-ms="496" status="PASS">
          <reporter-output>
          </reporter-output>
        </test-method> <!-- testUpdateBook -->
        <test-method signature="testDeleteBook()[pri:4, instance:api.test.BookTests2@55183b20]" started-at="2025-08-06T10:15:39 IST" name="testDeleteBook" finished-at="2025-08-06T10:15:40 IST" duration-ms="488" status="PASS">
          <reporter-output>
          </reporter-output>
        </test-method> <!-- testDeleteBook -->
      </class> <!-- api.test.BookTests2 -->
      <class name="api.test.BookTests">
        <test-method is-config="true" signature="setup()[pri:0, instance:api.test.BookTests@1bd4fdd]" started-at="2025-08-06T10:15:35 IST" name="setup" finished-at="2025-08-06T10:15:35 IST" duration-ms="35" status="PASS">
          <reporter-output>
          </reporter-output>
        </test-method> <!-- setup -->
        <test-method signature="testPostBook()[pri:1, instance:api.test.BookTests@1bd4fdd]" started-at="2025-08-06T10:15:35 IST" name="testPostBook" finished-at="2025-08-06T10:15:36 IST" duration-ms="512" status="PASS">
          <reporter-output>
          </reporter-output>
        </test-method> <!-- testPostBook -->
        <test-method signature="testGetBook()[pri:2, instance:api.test.BookTests@1bd4fdd]" started-at="2025-08-06T10:15:36 IST" name="testGetBook" finished-at="2025-08-06T10:15:36 IST" duration-ms="491" status="PASS">
          <reporter-output>
          </reporter-output>
        </test-method> <!-- testGetBook -->
        <test-method signature="testUpdateBook()[pri:3, instance:api.test.BookTests@1bd4fdd]" started-at="2025-08-06T10:15:36 IST" name="testUpdateBook" finished-at="2025-08-06T10:15:37 IST" duration-ms="559" status="PASS">
          <reporter-output>
          </reporter-output>
        </test-method> <!-- testUpdateBook -->
        <test-method signature="testDeleteBook()[pri:4, instance:api.test.BookTests@1bd4fdd]" started-at="2025-08-06T10:15:37 IST" name="testDeleteBook" finished-at="2025-08-06T10:15:37 IST" duration-ms="540" status="PASS">
          <reporter-output>
          </reporter-output>
        </test-method> <!-- testDeleteBook -->
      </class> <!-- api.test.BookTests -->
      <class name="api.test.CoverPhotoTests2">
        <test-method is-config="true" signature="setup()[pri:0, instance:api.test.CoverPhotoTests2@42a48628]" started-at="2025-08-06T10:15:51 IST" name="setup" finished-at="2025-08-06T10:15:51 IST" duration-ms="15" status="PASS">
          <reporter-output>
          </reporter-output>
        </test-method> <!-- setup -->
        <test-method signature="testPostCoverPhoto()[pri:1, instance:api.test.CoverPhotoTests2@42a48628]" started-at="2025-08-06T10:15:51 IST" name="testPostCoverPhoto" finished-at="2025-08-06T10:15:51 IST" duration-ms="524" status="PASS">
          <reporter-output>
          </reporter-output>
        </test-method> <!-- testPostCoverPhoto -->
        <test-method signature="testGetCoverPhoto()[pri:2, instance:api.test.CoverPhotoTests2@42a48628]" started-at="2025-08-06T10:15:51 IST" name="testGetCoverPhoto" finished-at="2025-08-06T10:15:52 IST" duration-ms="483" status="PASS">
          <reporter-output>
          </reporter-output>
        </test-method> <!-- testGetCoverPhoto -->
        <test-method signature="testUpdateCoverPhoto()[pri:3, instance:api.test.CoverPhotoTests2@42a48628]" started-at="2025-08-06T10:15:52 IST" name="testUpdateCoverPhoto" finished-at="2025-08-06T10:15:52 IST" duration-ms="504" status="PASS">
          <reporter-output>
          </reporter-output>
        </test-method> <!-- testUpdateCoverPhoto -->
        <test-method signature="testDeleteCoverPhoto()[pri:4, instance:api.test.CoverPhotoTests2@42a48628]" started-at="2025-08-06T10:15:52 IST" name="testDeleteCoverPhoto" finished-at="2025-08-06T10:15:53 IST" duration-ms="585" status="PASS">
          <reporter-output>
          </reporter-output>
        </test-method> <!-- testDeleteCoverPhoto -->
      </class> <!-- api.test.CoverPhotoTests2 -->
      <class name="api.test.DDTestsAuthor">
        <test-method signature="testAuthorFlow(java.lang.String,java.lang.String,java.lang.String,java.lang.String)[pri:0, instance:api.test.DDTestsAuthor@7d8995e]" started-at="2025-08-06T10:15:45 IST" name="testAuthorFlow" data-provider="authorData" finished-at="2025-08-06T10:15:47 IST" duration-ms="2003" status="PASS">
          <params>
            <param index="0">
              <value>
                <![CDATA[101.0]]>
              </value>
            </param>
            <param index="1">
              <value>
                <![CDATA[2.0]]>
              </value>
            </param>
            <param index="2">
              <value>
                <![CDATA[John]]>
              </value>
            </param>
            <param index="3">
              <value>
                <![CDATA[Smith]]>
              </value>
            </param>
          </params>
          <reporter-output>
          </reporter-output>
        </test-method> <!-- testAuthorFlow -->
        <test-method signature="testAuthorFlow(java.lang.String,java.lang.String,java.lang.String,java.lang.String)[pri:0, instance:api.test.DDTestsAuthor@7d8995e]" started-at="2025-08-06T10:15:47 IST" name="testAuthorFlow" data-provider="authorData" finished-at="2025-08-06T10:15:49 IST" duration-ms="1909" status="PASS">
          <params>
            <param index="0">
              <value>
                <![CDATA[102.0]]>
              </value>
            </param>
            <param index="1">
              <value>
                <![CDATA[3.0]]>
              </value>
            </param>
            <param index="2">
              <value>
                <![CDATA[Jane]]>
              </value>
            </param>
            <param index="3">
              <value>
                <![CDATA[Doe]]>
              </value>
            </param>
          </params>
          <reporter-output>
          </reporter-output>
        </test-method> <!-- testAuthorFlow -->
      </class> <!-- api.test.DDTestsAuthor -->
    </test> <!-- BookTest -->
  </suite> <!-- BookSuite -->
</testng-results>
