<?xml version="1.0" encoding="UTF-8"?>
<testng-results ignored="0" total="20" passed="20" failed="0" skipped="0">
  <reporter-output>
  </reporter-output>
  <suite started-at="2025-08-05T19:48:48 IST" name="BookSuite" finished-at="2025-08-05T19:49:07 IST" duration-ms="19761">
    <groups>
    </groups>
    <test started-at="2025-08-05T19:48:48 IST" name="BookTest" finished-at="2025-08-05T19:49:07 IST" duration-ms="19761">
      <class name="api.test.CoverPhotoTests">
        <test-method is-config="true" signature="setup()[pri:0, instance:api.test.CoverPhotoTests@5bda8e08]" started-at="2025-08-05T19:48:48 IST" name="setup" finished-at="2025-08-05T19:48:50 IST" duration-ms="1464" status="PASS">
          <reporter-output>
          </reporter-output>
        </test-method> <!-- setup -->
        <test-method signature="testPostCoverPhoto()[pri:1, instance:api.test.CoverPhotoTests@5bda8e08]" started-at="2025-08-05T19:48:50 IST" name="testPostCoverPhoto" finished-at="2025-08-05T19:48:56 IST" duration-ms="6301" status="PASS">
          <reporter-output>
          </reporter-output>
        </test-method> <!-- testPostCoverPhoto -->
        <test-method signature="testGetCoverPhoto()[pri:2, instance:api.test.CoverPhotoTests@5bda8e08]" started-at="2025-08-05T19:48:56 IST" name="testGetCoverPhoto" finished-at="2025-08-05T19:48:57 IST" duration-ms="567" status="PASS">
          <reporter-output>
          </reporter-output>
        </test-method> <!-- testGetCoverPhoto -->
        <test-method signature="testUpdateCoverPhoto()[pri:3, instance:api.test.CoverPhotoTests@5bda8e08]" started-at="2025-08-05T19:48:57 IST" name="testUpdateCoverPhoto" finished-at="2025-08-05T19:48:57 IST" duration-ms="520" status="PASS">
          <reporter-output>
          </reporter-output>
        </test-method> <!-- testUpdateCoverPhoto -->
        <test-method signature="testDeleteCoverPhoto()[pri:4, instance:api.test.CoverPhotoTests@5bda8e08]" started-at="2025-08-05T19:48:57 IST" name="testDeleteCoverPhoto" finished-at="2025-08-05T19:48:58 IST" duration-ms="494" status="PASS">
          <reporter-output>
          </reporter-output>
        </test-method> <!-- testDeleteCoverPhoto -->
      </class> <!-- api.test.CoverPhotoTests -->
      <class name="api.test.DDTestsCoverPhoto">
        <test-method signature="testCreateCoverPhoto(java.lang.String,java.lang.String,java.lang.String)[pri:0, instance:api.test.DDTestsCoverPhoto@3cd3e762]" started-at="2025-08-05T19:49:01 IST" name="testCreateCoverPhoto" data-provider="coverPhotoData" finished-at="2025-08-05T19:49:02 IST" duration-ms="574" status="PASS">
          <params>
            <param index="0">
              <value>
                <![CDATA[1]]>
              </value>
            </param>
            <param index="1">
              <value>
                <![CDATA[1]]>
              </value>
            </param>
            <param index="2">
              <value>
                <![CDATA[https://dummyimage.com/600x400/1]]>
              </value>
            </param>
          </params>
          <reporter-output>
          </reporter-output>
        </test-method> <!-- testCreateCoverPhoto -->
        <test-method signature="testCreateCoverPhoto(java.lang.String,java.lang.String,java.lang.String)[pri:0, instance:api.test.DDTestsCoverPhoto@3cd3e762]" started-at="2025-08-05T19:49:02 IST" name="testCreateCoverPhoto" data-provider="coverPhotoData" finished-at="2025-08-05T19:49:02 IST" duration-ms="501" status="PASS">
          <params>
            <param index="0">
              <value>
                <![CDATA[2]]>
              </value>
            </param>
            <param index="1">
              <value>
                <![CDATA[2]]>
              </value>
            </param>
            <param index="2">
              <value>
                <![CDATA[https://dummyimage.com/600x400/2]]>
              </value>
            </param>
          </params>
          <reporter-output>
          </reporter-output>
        </test-method> <!-- testCreateCoverPhoto -->
        <test-method signature="testCreateCoverPhoto(java.lang.String,java.lang.String,java.lang.String)[pri:0, instance:api.test.DDTestsCoverPhoto@3cd3e762]" started-at="2025-08-05T19:49:02 IST" name="testCreateCoverPhoto" data-provider="coverPhotoData" finished-at="2025-08-05T19:49:03 IST" duration-ms="512" status="PASS">
          <params>
            <param index="0">
              <value>
                <![CDATA[3]]>
              </value>
            </param>
            <param index="1">
              <value>
                <![CDATA[3]]>
              </value>
            </param>
            <param index="2">
              <value>
                <![CDATA[https://dummyimage.com/600x400/3]]>
              </value>
            </param>
          </params>
          <reporter-output>
          </reporter-output>
        </test-method> <!-- testCreateCoverPhoto -->
        <test-method signature="testGetCoverPhotoById(java.lang.String,java.lang.String,java.lang.String)[pri:2, instance:api.test.DDTestsCoverPhoto@3cd3e762]" started-at="2025-08-05T19:49:03 IST" name="testGetCoverPhotoById" data-provider="coverPhotoData" finished-at="2025-08-05T19:49:03 IST" duration-ms="494" status="PASS">
          <params>
            <param index="0">
              <value>
                <![CDATA[1]]>
              </value>
            </param>
            <param index="1">
              <value>
                <![CDATA[1]]>
              </value>
            </param>
            <param index="2">
              <value>
                <![CDATA[https://dummyimage.com/600x400/1]]>
              </value>
            </param>
          </params>
          <reporter-output>
          </reporter-output>
        </test-method> <!-- testGetCoverPhotoById -->
        <test-method signature="testGetCoverPhotoById(java.lang.String,java.lang.String,java.lang.String)[pri:2, instance:api.test.DDTestsCoverPhoto@3cd3e762]" started-at="2025-08-05T19:49:03 IST" name="testGetCoverPhotoById" data-provider="coverPhotoData" finished-at="2025-08-05T19:49:04 IST" duration-ms="484" status="PASS">
          <params>
            <param index="0">
              <value>
                <![CDATA[2]]>
              </value>
            </param>
            <param index="1">
              <value>
                <![CDATA[2]]>
              </value>
            </param>
            <param index="2">
              <value>
                <![CDATA[https://dummyimage.com/600x400/2]]>
              </value>
            </param>
          </params>
          <reporter-output>
          </reporter-output>
        </test-method> <!-- testGetCoverPhotoById -->
        <test-method signature="testGetCoverPhotoById(java.lang.String,java.lang.String,java.lang.String)[pri:2, instance:api.test.DDTestsCoverPhoto@3cd3e762]" started-at="2025-08-05T19:49:04 IST" name="testGetCoverPhotoById" data-provider="coverPhotoData" finished-at="2025-08-05T19:49:04 IST" duration-ms="493" status="PASS">
          <params>
            <param index="0">
              <value>
                <![CDATA[3]]>
              </value>
            </param>
            <param index="1">
              <value>
                <![CDATA[3]]>
              </value>
            </param>
            <param index="2">
              <value>
                <![CDATA[https://dummyimage.com/600x400/3]]>
              </value>
            </param>
          </params>
          <reporter-output>
          </reporter-output>
        </test-method> <!-- testGetCoverPhotoById -->
        <test-method signature="testUpdateCoverPhoto(java.lang.String,java.lang.String,java.lang.String)[pri:3, instance:api.test.DDTestsCoverPhoto@3cd3e762]" started-at="2025-08-05T19:49:04 IST" name="testUpdateCoverPhoto" data-provider="coverPhotoData" finished-at="2025-08-05T19:49:05 IST" duration-ms="498" status="PASS">
          <params>
            <param index="0">
              <value>
                <![CDATA[1]]>
              </value>
            </param>
            <param index="1">
              <value>
                <![CDATA[1]]>
              </value>
            </param>
            <param index="2">
              <value>
                <![CDATA[https://dummyimage.com/600x400/1]]>
              </value>
            </param>
          </params>
          <reporter-output>
          </reporter-output>
        </test-method> <!-- testUpdateCoverPhoto -->
        <test-method signature="testUpdateCoverPhoto(java.lang.String,java.lang.String,java.lang.String)[pri:3, instance:api.test.DDTestsCoverPhoto@3cd3e762]" started-at="2025-08-05T19:49:05 IST" name="testUpdateCoverPhoto" data-provider="coverPhotoData" finished-at="2025-08-05T19:49:05 IST" duration-ms="500" status="PASS">
          <params>
            <param index="0">
              <value>
                <![CDATA[2]]>
              </value>
            </param>
            <param index="1">
              <value>
                <![CDATA[2]]>
              </value>
            </param>
            <param index="2">
              <value>
                <![CDATA[https://dummyimage.com/600x400/2]]>
              </value>
            </param>
          </params>
          <reporter-output>
          </reporter-output>
        </test-method> <!-- testUpdateCoverPhoto -->
        <test-method signature="testUpdateCoverPhoto(java.lang.String,java.lang.String,java.lang.String)[pri:3, instance:api.test.DDTestsCoverPhoto@3cd3e762]" started-at="2025-08-05T19:49:05 IST" name="testUpdateCoverPhoto" data-provider="coverPhotoData" finished-at="2025-08-05T19:49:06 IST" duration-ms="500" status="PASS">
          <params>
            <param index="0">
              <value>
                <![CDATA[3]]>
              </value>
            </param>
            <param index="1">
              <value>
                <![CDATA[3]]>
              </value>
            </param>
            <param index="2">
              <value>
                <![CDATA[https://dummyimage.com/600x400/3]]>
              </value>
            </param>
          </params>
          <reporter-output>
          </reporter-output>
        </test-method> <!-- testUpdateCoverPhoto -->
        <test-method signature="testDeleteCoverPhotoById(java.lang.String,java.lang.String,java.lang.String)[pri:4, instance:api.test.DDTestsCoverPhoto@3cd3e762]" started-at="2025-08-05T19:49:06 IST" name="testDeleteCoverPhotoById" data-provider="coverPhotoData" finished-at="2025-08-05T19:49:06 IST" duration-ms="483" status="PASS">
          <params>
            <param index="0">
              <value>
                <![CDATA[1]]>
              </value>
            </param>
            <param index="1">
              <value>
                <![CDATA[1]]>
              </value>
            </param>
            <param index="2">
              <value>
                <![CDATA[https://dummyimage.com/600x400/1]]>
              </value>
            </param>
          </params>
          <reporter-output>
          </reporter-output>
        </test-method> <!-- testDeleteCoverPhotoById -->
        <test-method signature="testDeleteCoverPhotoById(java.lang.String,java.lang.String,java.lang.String)[pri:4, instance:api.test.DDTestsCoverPhoto@3cd3e762]" started-at="2025-08-05T19:49:06 IST" name="testDeleteCoverPhotoById" data-provider="coverPhotoData" finished-at="2025-08-05T19:49:07 IST" duration-ms="490" status="PASS">
          <params>
            <param index="0">
              <value>
                <![CDATA[2]]>
              </value>
            </param>
            <param index="1">
              <value>
                <![CDATA[2]]>
              </value>
            </param>
            <param index="2">
              <value>
                <![CDATA[https://dummyimage.com/600x400/2]]>
              </value>
            </param>
          </params>
          <reporter-output>
          </reporter-output>
        </test-method> <!-- testDeleteCoverPhotoById -->
        <test-method signature="testDeleteCoverPhotoById(java.lang.String,java.lang.String,java.lang.String)[pri:4, instance:api.test.DDTestsCoverPhoto@3cd3e762]" started-at="2025-08-05T19:49:07 IST" name="testDeleteCoverPhotoById" data-provider="coverPhotoData" finished-at="2025-08-05T19:49:07 IST" duration-ms="490" status="PASS">
          <params>
            <param index="0">
              <value>
                <![CDATA[3]]>
              </value>
            </param>
            <param index="1">
              <value>
                <![CDATA[3]]>
              </value>
            </param>
            <param index="2">
              <value>
                <![CDATA[https://dummyimage.com/600x400/3]]>
              </value>
            </param>
          </params>
          <reporter-output>
          </reporter-output>
        </test-method> <!-- testDeleteCoverPhotoById -->
      </class> <!-- api.test.DDTestsCoverPhoto -->
      <class name="api.test.CoverPhotoTests2">
        <test-method is-config="true" signature="setup()[pri:0, instance:api.test.CoverPhotoTests2@3b0090a4]" started-at="2025-08-05T19:48:58 IST" name="setup" finished-at="2025-08-05T19:48:58 IST" duration-ms="25" status="PASS">
          <reporter-output>
          </reporter-output>
        </test-method> <!-- setup -->
        <test-method signature="testPostCoverPhoto()[pri:1, instance:api.test.CoverPhotoTests2@3b0090a4]" started-at="2025-08-05T19:48:58 IST" name="testPostCoverPhoto" finished-at="2025-08-05T19:48:58 IST" duration-ms="591" status="PASS">
          <reporter-output>
          </reporter-output>
        </test-method> <!-- testPostCoverPhoto -->
        <test-method signature="testGetCoverPhoto()[pri:2, instance:api.test.CoverPhotoTests2@3b0090a4]" started-at="2025-08-05T19:48:58 IST" name="testGetCoverPhoto" finished-at="2025-08-05T19:48:59 IST" duration-ms="527" status="PASS">
          <reporter-output>
          </reporter-output>
        </test-method> <!-- testGetCoverPhoto -->
        <test-method signature="testUpdateCoverPhoto()[pri:3, instance:api.test.CoverPhotoTests2@3b0090a4]" started-at="2025-08-05T19:48:59 IST" name="testUpdateCoverPhoto" finished-at="2025-08-05T19:48:59 IST" duration-ms="507" status="PASS">
          <reporter-output>
          </reporter-output>
        </test-method> <!-- testUpdateCoverPhoto -->
        <test-method signature="testDeleteCoverPhoto()[pri:4, instance:api.test.CoverPhotoTests2@3b0090a4]" started-at="2025-08-05T19:48:59 IST" name="testDeleteCoverPhoto" finished-at="2025-08-05T19:49:00 IST" duration-ms="508" status="PASS">
          <reporter-output>
          </reporter-output>
        </test-method> <!-- testDeleteCoverPhoto -->
      </class> <!-- api.test.CoverPhotoTests2 -->
    </test> <!-- BookTest -->
  </suite> <!-- BookSuite -->
</testng-results>
