<?xml version="1.0" encoding="UTF-8"?>
<testng-results ignored="0" total="46" passed="46" failed="0" skipped="0">
  <reporter-output>
  </reporter-output>
  <suite started-at="2025-08-06T10:13:02 IST" name="BookSuite" finished-at="2025-08-06T10:13:37 IST" duration-ms="35135">
    <groups>
    </groups>
    <test started-at="2025-08-06T10:13:02 IST" name="BookTest" finished-at="2025-08-06T10:13:37 IST" duration-ms="35135">
      <class name="api.test.AuthorTests2">
        <test-method is-config="true" signature="setup()[pri:0, instance:api.test.AuthorTests2@2cd76f31]" started-at="2025-08-06T10:13:20 IST" name="setup" finished-at="2025-08-06T10:13:20 IST" duration-ms="37" status="PASS">
          <reporter-output>
          </reporter-output>
        </test-method> <!-- setup -->
        <test-method signature="testPostAuthor()[pri:1, instance:api.test.AuthorTests2@2cd76f31]" started-at="2025-08-06T10:13:20 IST" name="testPostAuthor" finished-at="2025-08-06T10:13:20 IST" duration-ms="478" status="PASS">
          <reporter-output>
          </reporter-output>
        </test-method> <!-- testPostAuthor -->
        <test-method signature="testGetAuthor()[pri:2, instance:api.test.AuthorTests2@2cd76f31]" started-at="2025-08-06T10:13:20 IST" name="testGetAuthor" finished-at="2025-08-06T10:13:21 IST" duration-ms="489" status="PASS">
          <reporter-output>
          </reporter-output>
        </test-method> <!-- testGetAuthor -->
        <test-method signature="testUpdateAuthor()[pri:3, instance:api.test.AuthorTests2@2cd76f31]" started-at="2025-08-06T10:13:21 IST" name="testUpdateAuthor" finished-at="2025-08-06T10:13:21 IST" duration-ms="486" status="PASS">
          <reporter-output>
          </reporter-output>
        </test-method> <!-- testUpdateAuthor -->
        <test-method signature="testDeleteAuthor()[pri:4, instance:api.test.AuthorTests2@2cd76f31]" started-at="2025-08-06T10:13:21 IST" name="testDeleteAuthor" finished-at="2025-08-06T10:13:22 IST" duration-ms="479" status="PASS">
          <reporter-output>
          </reporter-output>
        </test-method> <!-- testDeleteAuthor -->
      </class> <!-- api.test.AuthorTests2 -->
      <class name="api.test.CoverPhotoTests">
        <test-method is-config="true" signature="setup()[pri:0, instance:api.test.CoverPhotoTests@49438269]" started-at="2025-08-06T10:13:27 IST" name="setup" finished-at="2025-08-06T10:13:27 IST" duration-ms="20" status="PASS">
          <reporter-output>
          </reporter-output>
        </test-method> <!-- setup -->
        <test-method signature="testPostCoverPhoto()[pri:1, instance:api.test.CoverPhotoTests@49438269]" started-at="2025-08-06T10:13:27 IST" name="testPostCoverPhoto" finished-at="2025-08-06T10:13:27 IST" duration-ms="490" status="PASS">
          <reporter-output>
          </reporter-output>
        </test-method> <!-- testPostCoverPhoto -->
        <test-method signature="testGetCoverPhoto()[pri:2, instance:api.test.CoverPhotoTests@49438269]" started-at="2025-08-06T10:13:27 IST" name="testGetCoverPhoto" finished-at="2025-08-06T10:13:28 IST" duration-ms="471" status="PASS">
          <reporter-output>
          </reporter-output>
        </test-method> <!-- testGetCoverPhoto -->
        <test-method signature="testUpdateCoverPhoto()[pri:3, instance:api.test.CoverPhotoTests@49438269]" started-at="2025-08-06T10:13:28 IST" name="testUpdateCoverPhoto" finished-at="2025-08-06T10:13:28 IST" duration-ms="503" status="PASS">
          <reporter-output>
          </reporter-output>
        </test-method> <!-- testUpdateCoverPhoto -->
        <test-method signature="testDeleteCoverPhoto()[pri:4, instance:api.test.CoverPhotoTests@49438269]" started-at="2025-08-06T10:13:28 IST" name="testDeleteCoverPhoto" finished-at="2025-08-06T10:13:29 IST" duration-ms="577" status="PASS">
          <reporter-output>
          </reporter-output>
        </test-method> <!-- testDeleteCoverPhoto -->
      </class> <!-- api.test.CoverPhotoTests -->
      <class name="api.test.DDTestsCoverPhoto">
        <test-method signature="testCreateCoverPhoto(java.lang.String,java.lang.String,java.lang.String)[pri:0, instance:api.test.DDTestsCoverPhoto@1c1bbc4e]" started-at="2025-08-06T10:13:31 IST" name="testCreateCoverPhoto" data-provider="coverPhotoData" finished-at="2025-08-06T10:13:31 IST" duration-ms="484" status="PASS">
          <params>
            <param index="0">
              <value>
                <![CDATA[1]]>
              </value>
            </param>
            <param index="1">
              <value>
                <![CDATA[1]]>
              </value>
            </param>
            <param index="2">
              <value>
                <![CDATA[https://dummyimage.com/600x400/1]]>
              </value>
            </param>
          </params>
          <reporter-output>
          </reporter-output>
        </test-method> <!-- testCreateCoverPhoto -->
        <test-method signature="testCreateCoverPhoto(java.lang.String,java.lang.String,java.lang.String)[pri:0, instance:api.test.DDTestsCoverPhoto@1c1bbc4e]" started-at="2025-08-06T10:13:31 IST" name="testCreateCoverPhoto" data-provider="coverPhotoData" finished-at="2025-08-06T10:13:32 IST" duration-ms="476" status="PASS">
          <params>
            <param index="0">
              <value>
                <![CDATA[2]]>
              </value>
            </param>
            <param index="1">
              <value>
                <![CDATA[2]]>
              </value>
            </param>
            <param index="2">
              <value>
                <![CDATA[https://dummyimage.com/600x400/2]]>
              </value>
            </param>
          </params>
          <reporter-output>
          </reporter-output>
        </test-method> <!-- testCreateCoverPhoto -->
        <test-method signature="testCreateCoverPhoto(java.lang.String,java.lang.String,java.lang.String)[pri:0, instance:api.test.DDTestsCoverPhoto@1c1bbc4e]" started-at="2025-08-06T10:13:32 IST" name="testCreateCoverPhoto" data-provider="coverPhotoData" finished-at="2025-08-06T10:13:32 IST" duration-ms="478" status="PASS">
          <params>
            <param index="0">
              <value>
                <![CDATA[3]]>
              </value>
            </param>
            <param index="1">
              <value>
                <![CDATA[3]]>
              </value>
            </param>
            <param index="2">
              <value>
                <![CDATA[https://dummyimage.com/600x400/3]]>
              </value>
            </param>
          </params>
          <reporter-output>
          </reporter-output>
        </test-method> <!-- testCreateCoverPhoto -->
        <test-method signature="testGetCoverPhotoById(java.lang.String,java.lang.String,java.lang.String)[pri:2, instance:api.test.DDTestsCoverPhoto@1c1bbc4e]" started-at="2025-08-06T10:13:32 IST" name="testGetCoverPhotoById" data-provider="coverPhotoData" finished-at="2025-08-06T10:13:33 IST" duration-ms="497" status="PASS">
          <params>
            <param index="0">
              <value>
                <![CDATA[1]]>
              </value>
            </param>
            <param index="1">
              <value>
                <![CDATA[1]]>
              </value>
            </param>
            <param index="2">
              <value>
                <![CDATA[https://dummyimage.com/600x400/1]]>
              </value>
            </param>
          </params>
          <reporter-output>
          </reporter-output>
        </test-method> <!-- testGetCoverPhotoById -->
        <test-method signature="testGetCoverPhotoById(java.lang.String,java.lang.String,java.lang.String)[pri:2, instance:api.test.DDTestsCoverPhoto@1c1bbc4e]" started-at="2025-08-06T10:13:33 IST" name="testGetCoverPhotoById" data-provider="coverPhotoData" finished-at="2025-08-06T10:13:33 IST" duration-ms="474" status="PASS">
          <params>
            <param index="0">
              <value>
                <![CDATA[2]]>
              </value>
            </param>
            <param index="1">
              <value>
                <![CDATA[2]]>
              </value>
            </param>
            <param index="2">
              <value>
                <![CDATA[https://dummyimage.com/600x400/2]]>
              </value>
            </param>
          </params>
          <reporter-output>
          </reporter-output>
        </test-method> <!-- testGetCoverPhotoById -->
        <test-method signature="testGetCoverPhotoById(java.lang.String,java.lang.String,java.lang.String)[pri:2, instance:api.test.DDTestsCoverPhoto@1c1bbc4e]" started-at="2025-08-06T10:13:33 IST" name="testGetCoverPhotoById" data-provider="coverPhotoData" finished-at="2025-08-06T10:13:34 IST" duration-ms="486" status="PASS">
          <params>
            <param index="0">
              <value>
                <![CDATA[3]]>
              </value>
            </param>
            <param index="1">
              <value>
                <![CDATA[3]]>
              </value>
            </param>
            <param index="2">
              <value>
                <![CDATA[https://dummyimage.com/600x400/3]]>
              </value>
            </param>
          </params>
          <reporter-output>
          </reporter-output>
        </test-method> <!-- testGetCoverPhotoById -->
        <test-method signature="testUpdateCoverPhoto(java.lang.String,java.lang.String,java.lang.String)[pri:3, instance:api.test.DDTestsCoverPhoto@1c1bbc4e]" started-at="2025-08-06T10:13:34 IST" name="testUpdateCoverPhoto" data-provider="coverPhotoData" finished-at="2025-08-06T10:13:34 IST" duration-ms="491" status="PASS">
          <params>
            <param index="0">
              <value>
                <![CDATA[1]]>
              </value>
            </param>
            <param index="1">
              <value>
                <![CDATA[1]]>
              </value>
            </param>
            <param index="2">
              <value>
                <![CDATA[https://dummyimage.com/600x400/1]]>
              </value>
            </param>
          </params>
          <reporter-output>
          </reporter-output>
        </test-method> <!-- testUpdateCoverPhoto -->
        <test-method signature="testUpdateCoverPhoto(java.lang.String,java.lang.String,java.lang.String)[pri:3, instance:api.test.DDTestsCoverPhoto@1c1bbc4e]" started-at="2025-08-06T10:13:35 IST" name="testUpdateCoverPhoto" data-provider="coverPhotoData" finished-at="2025-08-06T10:13:35 IST" duration-ms="480" status="PASS">
          <params>
            <param index="0">
              <value>
                <![CDATA[2]]>
              </value>
            </param>
            <param index="1">
              <value>
                <![CDATA[2]]>
              </value>
            </param>
            <param index="2">
              <value>
                <![CDATA[https://dummyimage.com/600x400/2]]>
              </value>
            </param>
          </params>
          <reporter-output>
          </reporter-output>
        </test-method> <!-- testUpdateCoverPhoto -->
        <test-method signature="testUpdateCoverPhoto(java.lang.String,java.lang.String,java.lang.String)[pri:3, instance:api.test.DDTestsCoverPhoto@1c1bbc4e]" started-at="2025-08-06T10:13:35 IST" name="testUpdateCoverPhoto" data-provider="coverPhotoData" finished-at="2025-08-06T10:13:35 IST" duration-ms="492" status="PASS">
          <params>
            <param index="0">
              <value>
                <![CDATA[3]]>
              </value>
            </param>
            <param index="1">
              <value>
                <![CDATA[3]]>
              </value>
            </param>
            <param index="2">
              <value>
                <![CDATA[https://dummyimage.com/600x400/3]]>
              </value>
            </param>
          </params>
          <reporter-output>
          </reporter-output>
        </test-method> <!-- testUpdateCoverPhoto -->
        <test-method signature="testDeleteCoverPhotoById(java.lang.String,java.lang.String,java.lang.String)[pri:4, instance:api.test.DDTestsCoverPhoto@1c1bbc4e]" started-at="2025-08-06T10:13:36 IST" name="testDeleteCoverPhotoById" data-provider="coverPhotoData" finished-at="2025-08-06T10:13:36 IST" duration-ms="495" status="PASS">
          <params>
            <param index="0">
              <value>
                <![CDATA[1]]>
              </value>
            </param>
            <param index="1">
              <value>
                <![CDATA[1]]>
              </value>
            </param>
            <param index="2">
              <value>
                <![CDATA[https://dummyimage.com/600x400/1]]>
              </value>
            </param>
          </params>
          <reporter-output>
          </reporter-output>
        </test-method> <!-- testDeleteCoverPhotoById -->
        <test-method signature="testDeleteCoverPhotoById(java.lang.String,java.lang.String,java.lang.String)[pri:4, instance:api.test.DDTestsCoverPhoto@1c1bbc4e]" started-at="2025-08-06T10:13:36 IST" name="testDeleteCoverPhotoById" data-provider="coverPhotoData" finished-at="2025-08-06T10:13:37 IST" duration-ms="492" status="PASS">
          <params>
            <param index="0">
              <value>
                <![CDATA[2]]>
              </value>
            </param>
            <param index="1">
              <value>
                <![CDATA[2]]>
              </value>
            </param>
            <param index="2">
              <value>
                <![CDATA[https://dummyimage.com/600x400/2]]>
              </value>
            </param>
          </params>
          <reporter-output>
          </reporter-output>
        </test-method> <!-- testDeleteCoverPhotoById -->
        <test-method signature="testDeleteCoverPhotoById(java.lang.String,java.lang.String,java.lang.String)[pri:4, instance:api.test.DDTestsCoverPhoto@1c1bbc4e]" started-at="2025-08-06T10:13:37 IST" name="testDeleteCoverPhotoById" data-provider="coverPhotoData" finished-at="2025-08-06T10:13:37 IST" duration-ms="468" status="PASS">
          <params>
            <param index="0">
              <value>
                <![CDATA[3]]>
              </value>
            </param>
            <param index="1">
              <value>
                <![CDATA[3]]>
              </value>
            </param>
            <param index="2">
              <value>
                <![CDATA[https://dummyimage.com/600x400/3]]>
              </value>
            </param>
          </params>
          <reporter-output>
          </reporter-output>
        </test-method> <!-- testDeleteCoverPhotoById -->
      </class> <!-- api.test.DDTestsCoverPhoto -->
      <class name="api.test.AuthorTests">
        <test-method is-config="true" signature="setup()[pri:0, instance:api.test.AuthorTests@40005471]" started-at="2025-08-06T10:13:18 IST" name="setup" finished-at="2025-08-06T10:13:18 IST" duration-ms="50" status="PASS">
          <reporter-output>
          </reporter-output>
        </test-method> <!-- setup -->
        <test-method signature="testPostAuthor()[pri:1, instance:api.test.AuthorTests@40005471]" started-at="2025-08-06T10:13:18 IST" name="testPostAuthor" finished-at="2025-08-06T10:13:18 IST" duration-ms="520" status="PASS">
          <reporter-output>
          </reporter-output>
        </test-method> <!-- testPostAuthor -->
        <test-method signature="testGetAuthor()[pri:2, instance:api.test.AuthorTests@40005471]" started-at="2025-08-06T10:13:18 IST" name="testGetAuthor" finished-at="2025-08-06T10:13:19 IST" duration-ms="487" status="PASS">
          <reporter-output>
          </reporter-output>
        </test-method> <!-- testGetAuthor -->
        <test-method signature="testUpdateAuthor()[pri:3, instance:api.test.AuthorTests@40005471]" started-at="2025-08-06T10:13:19 IST" name="testUpdateAuthor" finished-at="2025-08-06T10:13:19 IST" duration-ms="512" status="PASS">
          <reporter-output>
          </reporter-output>
        </test-method> <!-- testUpdateAuthor -->
        <test-method signature="testDeleteAuthor()[pri:4, instance:api.test.AuthorTests@40005471]" started-at="2025-08-06T10:13:19 IST" name="testDeleteAuthor" finished-at="2025-08-06T10:13:20 IST" duration-ms="478" status="PASS">
          <reporter-output>
          </reporter-output>
        </test-method> <!-- testDeleteAuthor -->
      </class> <!-- api.test.AuthorTests -->
      <class name="api.test.UserTests2">
        <test-method is-config="true" signature="setup()[pri:0, instance:api.test.UserTests2@26794848]" started-at="2025-08-06T10:13:11 IST" name="setup" finished-at="2025-08-06T10:13:11 IST" duration-ms="101" status="PASS">
          <reporter-output>
          </reporter-output>
        </test-method> <!-- setup -->
        <test-method signature="testPostUser()[pri:1, instance:api.test.UserTests2@26794848]" started-at="2025-08-06T10:13:11 IST" name="testPostUser" finished-at="2025-08-06T10:13:12 IST" duration-ms="525" status="PASS">
          <reporter-output>
          </reporter-output>
        </test-method> <!-- testPostUser -->
        <test-method signature="testGetUser()[pri:2, instance:api.test.UserTests2@26794848]" started-at="2025-08-06T10:13:12 IST" name="testGetUser" finished-at="2025-08-06T10:13:12 IST" duration-ms="513" status="PASS">
          <reporter-output>
          </reporter-output>
        </test-method> <!-- testGetUser -->
        <test-method signature="testUpdateUser()[pri:3, instance:api.test.UserTests2@26794848]" started-at="2025-08-06T10:13:12 IST" name="testUpdateUser" finished-at="2025-08-06T10:13:13 IST" duration-ms="502" status="PASS">
          <reporter-output>
          </reporter-output>
        </test-method> <!-- testUpdateUser -->
        <test-method signature="testDeleteUser()[pri:4, instance:api.test.UserTests2@26794848]" started-at="2025-08-06T10:13:13 IST" name="testDeleteUser" finished-at="2025-08-06T10:13:13 IST" duration-ms="492" status="PASS">
          <reporter-output>
          </reporter-output>
        </test-method> <!-- testDeleteUser -->
      </class> <!-- api.test.UserTests2 -->
      <class name="api.test.UserTests">
        <test-method is-config="true" signature="setup()[pri:0, instance:api.test.UserTests@3bf7ca37]" started-at="2025-08-06T10:13:03 IST" name="setup" finished-at="2025-08-06T10:13:04 IST" duration-ms="1538" status="PASS">
          <reporter-output>
          </reporter-output>
        </test-method> <!-- setup -->
        <test-method signature="testPostUser()[pri:1, instance:api.test.UserTests@3bf7ca37]" started-at="2025-08-06T10:13:04 IST" name="testPostUser" finished-at="2025-08-06T10:13:09 IST" duration-ms="5230" status="PASS">
          <reporter-output>
          </reporter-output>
        </test-method> <!-- testPostUser -->
        <test-method signature="testGetUser()[pri:2, instance:api.test.UserTests@3bf7ca37]" started-at="2025-08-06T10:13:09 IST" name="testGetUser" finished-at="2025-08-06T10:13:10 IST" duration-ms="598" status="PASS">
          <reporter-output>
          </reporter-output>
        </test-method> <!-- testGetUser -->
        <test-method signature="testUpdateUser()[pri:3, instance:api.test.UserTests@3bf7ca37]" started-at="2025-08-06T10:13:10 IST" name="testUpdateUser" finished-at="2025-08-06T10:13:11 IST" duration-ms="524" status="PASS">
          <reporter-output>
          </reporter-output>
        </test-method> <!-- testUpdateUser -->
        <test-method signature="testDeleteUser()[pri:4, instance:api.test.UserTests@3bf7ca37]" started-at="2025-08-06T10:13:11 IST" name="testDeleteUser" finished-at="2025-08-06T10:13:11 IST" duration-ms="494" status="PASS">
          <reporter-output>
          </reporter-output>
        </test-method> <!-- testDeleteUser -->
      </class> <!-- api.test.UserTests -->
      <class name="api.test.BookTests2">
        <test-method is-config="true" signature="setup()[pri:0, instance:api.test.BookTests2@3d285d7e]" started-at="2025-08-06T10:13:15 IST" name="setup" finished-at="2025-08-06T10:13:15 IST" duration-ms="27" status="PASS">
          <reporter-output>
          </reporter-output>
        </test-method> <!-- setup -->
        <test-method signature="testPostBook()[pri:1, instance:api.test.BookTests2@3d285d7e]" started-at="2025-08-06T10:13:15 IST" name="testPostBook" finished-at="2025-08-06T10:13:16 IST" duration-ms="512" status="PASS">
          <reporter-output>
          </reporter-output>
        </test-method> <!-- testPostBook -->
        <test-method signature="testGetBook()[pri:2, instance:api.test.BookTests2@3d285d7e]" started-at="2025-08-06T10:13:16 IST" name="testGetBook" finished-at="2025-08-06T10:13:17 IST" duration-ms="775" status="PASS">
          <reporter-output>
          </reporter-output>
        </test-method> <!-- testGetBook -->
        <test-method signature="testUpdateBook()[pri:3, instance:api.test.BookTests2@3d285d7e]" started-at="2025-08-06T10:13:17 IST" name="testUpdateBook" finished-at="2025-08-06T10:13:17 IST" duration-ms="500" status="PASS">
          <reporter-output>
          </reporter-output>
        </test-method> <!-- testUpdateBook -->
        <test-method signature="testDeleteBook()[pri:4, instance:api.test.BookTests2@3d285d7e]" started-at="2025-08-06T10:13:17 IST" name="testDeleteBook" finished-at="2025-08-06T10:13:18 IST" duration-ms="481" status="PASS">
          <reporter-output>
          </reporter-output>
        </test-method> <!-- testDeleteBook -->
      </class> <!-- api.test.BookTests2 -->
      <class name="api.test.BookTests">
        <test-method is-config="true" signature="setup()[pri:0, instance:api.test.BookTests@302552ec]" started-at="2025-08-06T10:13:13 IST" name="setup" finished-at="2025-08-06T10:13:13 IST" duration-ms="43" status="PASS">
          <reporter-output>
          </reporter-output>
        </test-method> <!-- setup -->
        <test-method signature="testPostBook()[pri:1, instance:api.test.BookTests@302552ec]" started-at="2025-08-06T10:13:13 IST" name="testPostBook" finished-at="2025-08-06T10:13:14 IST" duration-ms="547" status="PASS">
          <reporter-output>
          </reporter-output>
        </test-method> <!-- testPostBook -->
        <test-method signature="testGetBook()[pri:2, instance:api.test.BookTests@302552ec]" started-at="2025-08-06T10:13:14 IST" name="testGetBook" finished-at="2025-08-06T10:13:14 IST" duration-ms="501" status="PASS">
          <reporter-output>
          </reporter-output>
        </test-method> <!-- testGetBook -->
        <test-method signature="testUpdateBook()[pri:3, instance:api.test.BookTests@302552ec]" started-at="2025-08-06T10:13:14 IST" name="testUpdateBook" finished-at="2025-08-06T10:13:15 IST" duration-ms="521" status="PASS">
          <reporter-output>
          </reporter-output>
        </test-method> <!-- testUpdateBook -->
        <test-method signature="testDeleteBook()[pri:4, instance:api.test.BookTests@302552ec]" started-at="2025-08-06T10:13:15 IST" name="testDeleteBook" finished-at="2025-08-06T10:13:15 IST" duration-ms="501" status="PASS">
          <reporter-output>
          </reporter-output>
        </test-method> <!-- testDeleteBook -->
      </class> <!-- api.test.BookTests -->
      <class name="api.test.CoverPhotoTests2">
        <test-method is-config="true" signature="setup()[pri:0, instance:api.test.CoverPhotoTests2@ba2f4ec]" started-at="2025-08-06T10:13:29 IST" name="setup" finished-at="2025-08-06T10:13:29 IST" duration-ms="18" status="PASS">
          <reporter-output>
          </reporter-output>
        </test-method> <!-- setup -->
        <test-method signature="testPostCoverPhoto()[pri:1, instance:api.test.CoverPhotoTests2@ba2f4ec]" started-at="2025-08-06T10:13:29 IST" name="testPostCoverPhoto" finished-at="2025-08-06T10:13:29 IST" duration-ms="534" status="PASS">
          <reporter-output>
          </reporter-output>
        </test-method> <!-- testPostCoverPhoto -->
        <test-method signature="testGetCoverPhoto()[pri:2, instance:api.test.CoverPhotoTests2@ba2f4ec]" started-at="2025-08-06T10:13:29 IST" name="testGetCoverPhoto" finished-at="2025-08-06T10:13:30 IST" duration-ms="473" status="PASS">
          <reporter-output>
          </reporter-output>
        </test-method> <!-- testGetCoverPhoto -->
        <test-method signature="testUpdateCoverPhoto()[pri:3, instance:api.test.CoverPhotoTests2@ba2f4ec]" started-at="2025-08-06T10:13:30 IST" name="testUpdateCoverPhoto" finished-at="2025-08-06T10:13:30 IST" duration-ms="478" status="PASS">
          <reporter-output>
          </reporter-output>
        </test-method> <!-- testUpdateCoverPhoto -->
        <test-method signature="testDeleteCoverPhoto()[pri:4, instance:api.test.CoverPhotoTests2@ba2f4ec]" started-at="2025-08-06T10:13:30 IST" name="testDeleteCoverPhoto" finished-at="2025-08-06T10:13:31 IST" duration-ms="469" status="PASS">
          <reporter-output>
          </reporter-output>
        </test-method> <!-- testDeleteCoverPhoto -->
      </class> <!-- api.test.CoverPhotoTests2 -->
      <class name="api.test.DDTestsAuthor">
        <test-method signature="testAuthorFlow(java.lang.String,java.lang.String,java.lang.String,java.lang.String)[pri:0, instance:api.test.DDTestsAuthor@367ffa75]" started-at="2025-08-06T10:13:23 IST" name="testAuthorFlow" data-provider="authorData" finished-at="2025-08-06T10:13:25 IST" duration-ms="1955" status="PASS">
          <params>
            <param index="0">
              <value>
                <![CDATA[101.0]]>
              </value>
            </param>
            <param index="1">
              <value>
                <![CDATA[2.0]]>
              </value>
            </param>
            <param index="2">
              <value>
                <![CDATA[John]]>
              </value>
            </param>
            <param index="3">
              <value>
                <![CDATA[Smith]]>
              </value>
            </param>
          </params>
          <reporter-output>
          </reporter-output>
        </test-method> <!-- testAuthorFlow -->
        <test-method signature="testAuthorFlow(java.lang.String,java.lang.String,java.lang.String,java.lang.String)[pri:0, instance:api.test.DDTestsAuthor@367ffa75]" started-at="2025-08-06T10:13:25 IST" name="testAuthorFlow" data-provider="authorData" finished-at="2025-08-06T10:13:27 IST" duration-ms="1919" status="PASS">
          <params>
            <param index="0">
              <value>
                <![CDATA[102.0]]>
              </value>
            </param>
            <param index="1">
              <value>
                <![CDATA[3.0]]>
              </value>
            </param>
            <param index="2">
              <value>
                <![CDATA[Jane]]>
              </value>
            </param>
            <param index="3">
              <value>
                <![CDATA[Doe]]>
              </value>
            </param>
          </params>
          <reporter-output>
          </reporter-output>
        </test-method> <!-- testAuthorFlow -->
      </class> <!-- api.test.DDTestsAuthor -->
    </test> <!-- BookTest -->
  </suite> <!-- BookSuite -->
</testng-results>
