<?xml version="1.0" encoding="UTF-8"?>
<!-- Generated by org.testng.reporters.JUnitXMLReporter -->
<testsuite ignored="0" hostname="DESKTOP-A7D4RAN" failures="0" tests="46" name="BookTest" time="34.592" errors="0" timestamp="2025-08-06T10:16:00 IST">
  <testcase classname="api.test.UserTests" name="testPostUser" time="4.949"/>
  <testcase classname="api.test.UserTests" name="testGetUser" time="0.591"/>
  <testcase classname="api.test.UserTests" name="testUpdateUser" time="0.529"/>
  <testcase classname="api.test.UserTests" name="testDeleteUser" time="0.509"/>
  <testcase classname="api.test.UserTests2" name="testPostUser" time="0.518"/>
  <testcase classname="api.test.UserTests2" name="testGetUser" time="0.512"/>
  <testcase classname="api.test.UserTests2" name="testUpdateUser" time="0.5"/>
  <testcase classname="api.test.UserTests2" name="testDeleteUser" time="0.499"/>
  <testcase classname="api.test.BookTests" name="testPostBook" time="0.512"/>
  <testcase classname="api.test.BookTests" name="testGetBook" time="0.491"/>
  <testcase classname="api.test.BookTests" name="testUpdateBook" time="0.559"/>
  <testcase classname="api.test.BookTests" name="testDeleteBook" time="0.54"/>
  <testcase classname="api.test.BookTests2" name="testPostBook" time="0.52"/>
  <testcase classname="api.test.BookTests2" name="testGetBook" time="0.488"/>
  <testcase classname="api.test.BookTests2" name="testUpdateBook" time="0.496"/>
  <testcase classname="api.test.BookTests2" name="testDeleteBook" time="0.488"/>
  <testcase classname="api.test.AuthorTests" name="testPostAuthor" time="0.496"/>
  <testcase classname="api.test.AuthorTests" name="testGetAuthor" time="0.531"/>
  <testcase classname="api.test.AuthorTests" name="testUpdateAuthor" time="0.498"/>
  <testcase classname="api.test.AuthorTests" name="testDeleteAuthor" time="0.477"/>
  <testcase classname="api.test.AuthorTests2" name="testPostAuthor" time="0.482"/>
  <testcase classname="api.test.AuthorTests2" name="testGetAuthor" time="0.504"/>
  <testcase classname="api.test.AuthorTests2" name="testUpdateAuthor" time="0.495"/>
  <testcase classname="api.test.AuthorTests2" name="testDeleteAuthor" time="0.521"/>
  <testcase classname="api.test.DDTestsAuthor" name="testAuthorFlow" time="2.003"/>
  <testcase classname="api.test.DDTestsAuthor" name="testAuthorFlow" time="1.909"/>
  <testcase classname="api.test.CoverPhotoTests" name="testPostCoverPhoto" time="0.492"/>
  <testcase classname="api.test.CoverPhotoTests" name="testGetCoverPhoto" time="0.513"/>
  <testcase classname="api.test.CoverPhotoTests" name="testUpdateCoverPhoto" time="0.487"/>
  <testcase classname="api.test.CoverPhotoTests" name="testDeleteCoverPhoto" time="0.495"/>
  <testcase classname="api.test.CoverPhotoTests2" name="testPostCoverPhoto" time="0.524"/>
  <testcase classname="api.test.CoverPhotoTests2" name="testGetCoverPhoto" time="0.483"/>
  <testcase classname="api.test.CoverPhotoTests2" name="testUpdateCoverPhoto" time="0.504"/>
  <testcase classname="api.test.CoverPhotoTests2" name="testDeleteCoverPhoto" time="0.585"/>
  <testcase classname="api.test.DDTestsCoverPhoto" name="testCreateCoverPhoto" time="0.476"/>
  <testcase classname="api.test.DDTestsCoverPhoto" name="testCreateCoverPhoto" time="0.478"/>
  <testcase classname="api.test.DDTestsCoverPhoto" name="testCreateCoverPhoto" time="0.474"/>
  <testcase classname="api.test.DDTestsCoverPhoto" name="testGetCoverPhotoById" time="0.477"/>
  <testcase classname="api.test.DDTestsCoverPhoto" name="testGetCoverPhotoById" time="0.499"/>
  <testcase classname="api.test.DDTestsCoverPhoto" name="testGetCoverPhotoById" time="0.476"/>
  <testcase classname="api.test.DDTestsCoverPhoto" name="testUpdateCoverPhoto" time="0.495"/>
  <testcase classname="api.test.DDTestsCoverPhoto" name="testUpdateCoverPhoto" time="0.499"/>
  <testcase classname="api.test.DDTestsCoverPhoto" name="testUpdateCoverPhoto" time="0.49"/>
  <testcase classname="api.test.DDTestsCoverPhoto" name="testDeleteCoverPhotoById" time="0.5"/>
  <testcase classname="api.test.DDTestsCoverPhoto" name="testDeleteCoverPhotoById" time="0.481"/>
  <testcase classname="api.test.DDTestsCoverPhoto" name="testDeleteCoverPhotoById" time="0.488"/>
</testsuite> <!-- BookTest -->
