<?xml version="1.0" encoding="UTF-8"?>
<!-- Generated by org.testng.reporters.JUnitXMLReporter -->
<testsuite ignored="0" hostname="DESKTOP-A7D4RAN" failures="0" tests="8" name="BookTest" time="10.829" errors="0" timestamp="2025-07-31T11:08:57 IST">
  <testcase classname="api.test.BookTests" name="testPostBook" time="4.724"/>
  <testcase classname="api.test.BookTests" name="testGetBook" time="0.615"/>
  <testcase classname="api.test.BookTests" name="testUpdateBook" time="0.622"/>
  <testcase classname="api.test.BookTests" name="testDeleteBook" time="0.576"/>
  <testcase classname="api.test.BookTests2" name="testPostBook" time="0.583"/>
  <testcase classname="api.test.BookTests2" name="testGetBook" time="0.678"/>
  <testcase classname="api.test.BookTests2" name="testUpdateBook" time="0.563"/>
  <testcase classname="api.test.BookTests2" name="testDeleteBook" time="0.543"/>
</testsuite> <!-- BookTest -->
